Build started 31/05/2017 12:42:45.
     1>Project "D:\VisuelStudio Projects\pfe_gui-20170410T194759Z-001\pfe_gui\pfe_gui\pfe_gui.vcxproj" on node 2 (build target(s)).
     1>InitializeBuildStatus:
         Creating "Debug\pfe_gui.unsuccessfulbuild" because "AlwaysCreate" was specified.
       GenerateTargetFrameworkMonikerAttribute:
       Skipping target "GenerateTargetFrameworkMonikerAttribute" because all output files are up-to-date with respect to the input files.
       ClCompile:
         All outputs are up-to-date.
         C:\Program Files (x86)\Microsoft Visual Studio 10.0\VC\bin\CL.exe /c /AI"C:\Program Files (x86)\Reference Assemblies\Microsoft\Framework\.NETFramework\v4.0" /Zi /clr /nologo /W3 /WX- /Od /Oy- /D WIN32 /D _DEBUG /D _UNICODE /D UNICODE /EHa /MDd /GS /fp:precise /Zc:wchar_t /Zc:forScope /Yu"StdAfx.h" /Fp"Debug\pfe_gui.pch" /Fo"Debug\\" /Fd"Debug\vc100.pdb" /TP /FU"C:\Program Files (x86)\Reference Assemblies\Microsoft\Framework\.NETFramework\v4.0\System.Core.dll" /FU"C:\Program Files (x86)\Reference Assemblies\Microsoft\Framework\.NETFramework\v4.0\System.Data.dll" /FU"C:\Program Files (x86)\Reference Assemblies\Microsoft\Framework\.NETFramework\v4.0\System.dll" /FU"C:\Program Files (x86)\Reference Assemblies\Microsoft\Framework\.NETFramework\v4.0\System.Drawing.dll" /FU"C:\Program Files (x86)\Reference Assemblies\Microsoft\Framework\.NETFramework\v4.0\System.Windows.Forms.dll" /FU"C:\Program Files (x86)\Reference Assemblies\Microsoft\Framework\.NETFramework\v4.0\System.Xml.dll" /analyze- /errorReport:prompt Accueil.cpp MenuAppli.cpp pfe_gui.cpp /clr:nostdlib 
         Accueil.cpp
     1>c:\opencv249_openni\opencv\build\include\opencv2\flann\logger.h(66): warning C4996: 'fopen': This function or variable may be unsafe. Consider using fopen_s instead. To disable deprecation, use _CRT_SECURE_NO_WARNINGS. See online help for details.
                 C:\Program Files (x86)\Microsoft Visual Studio 10.0\VC\include\stdio.h(234) : see declaration of 'fopen'
     1>d:\visuelstudio projects\pfe_gui-20170410t194759z-001\pfe_gui\pfe_gui\simul.h(260): warning C4018: '<' : signed/unsigned mismatch
     1>d:\visuelstudio projects\pfe_gui-20170410t194759z-001\pfe_gui\pfe_gui\simul.h(275): warning C4244: 'argument' : conversion from 'double' to 'int', possible loss of data
     1>d:\visuelstudio projects\pfe_gui-20170410t194759z-001\pfe_gui\pfe_gui\simul.h(275): warning C4244: 'argument' : conversion from 'double' to 'int', possible loss of data
     1>d:\visuelstudio projects\pfe_gui-20170410t194759z-001\pfe_gui\pfe_gui\simul.h(276): warning C4244: 'argument' : conversion from 'double' to 'int', possible loss of data
     1>d:\visuelstudio projects\pfe_gui-20170410t194759z-001\pfe_gui\pfe_gui\simul.h(276): warning C4244: 'argument' : conversion from 'double' to 'int', possible loss of data
     1>d:\visuelstudio projects\pfe_gui-20170410t194759z-001\pfe_gui\pfe_gui\simul.h(321): warning C4018: '<' : signed/unsigned mismatch
     1>d:\visuelstudio projects\pfe_gui-20170410t194759z-001\pfe_gui\pfe_gui\simul.h(331): warning C4018: '<' : signed/unsigned mismatch
     1>d:\visuelstudio projects\pfe_gui-20170410t194759z-001\pfe_gui\pfe_gui\simul.h(344): warning C4018: '<' : signed/unsigned mismatch
     1>d:\visuelstudio projects\pfe_gui-20170410t194759z-001\pfe_gui\pfe_gui\simul.h(389): warning C4018: '<' : signed/unsigned mismatch
     1>d:\visuelstudio projects\pfe_gui-20170410t194759z-001\pfe_gui\pfe_gui\simul.h(402): warning C4018: '<' : signed/unsigned mismatch
     1>d:\visuelstudio projects\pfe_gui-20170410t194759z-001\pfe_gui\pfe_gui\simul.h(589): warning C4244: '=' : conversion from 'unsigned long' to 'uchar', possible loss of data
     1>d:\visuelstudio projects\pfe_gui-20170410t194759z-001\pfe_gui\pfe_gui\simul.h(904): warning C4018: '<' : signed/unsigned mismatch
     1>d:\visuelstudio projects\pfe_gui-20170410t194759z-001\pfe_gui\pfe_gui\simul.h(942): warning C4244: 'argument' : conversion from 'double' to 'float', possible loss of data
     1>d:\visuelstudio projects\pfe_gui-20170410t194759z-001\pfe_gui\pfe_gui\simul.h(942): warning C4244: 'argument' : conversion from 'double' to 'float', possible loss of data
     1>d:\visuelstudio projects\pfe_gui-20170410t194759z-001\pfe_gui\pfe_gui\simul.h(970): warning C4018: '<' : signed/unsigned mismatch
     1>d:\visuelstudio projects\pfe_gui-20170410t194759z-001\pfe_gui\pfe_gui\simul.h(1011): warning C4018: '>=' : signed/unsigned mismatch
     1>d:\visuelstudio projects\pfe_gui-20170410t194759z-001\pfe_gui\pfe_gui\simul.h(1172): warning C4101: 'Calcul' : unreferenced local variable
     1>d:\visuelstudio projects\pfe_gui-20170410t194759z-001\pfe_gui\pfe_gui\simul.h(1294): warning C4101: 'Calcul' : unreferenced local variable
     1>d:\visuelstudio projects\pfe_gui-20170410t194759z-001\pfe_gui\pfe_gui\simul.h(1353): warning C4101: 'Calcul' : unreferenced local variable
     1>d:\visuelstudio projects\pfe_gui-20170410t194759z-001\pfe_gui\pfe_gui\simul.h(1426): warning C4018: '<' : signed/unsigned mismatch
     1>d:\visuelstudio projects\pfe_gui-20170410t194759z-001\pfe_gui\pfe_gui\simul.h(1431): warning C4244: 'argument' : conversion from 'double' to 'int', possible loss of data
     1>d:\visuelstudio projects\pfe_gui-20170410t194759z-001\pfe_gui\pfe_gui\simul.h(1431): warning C4244: 'argument' : conversion from 'double' to 'int', possible loss of data
     1>d:\visuelstudio projects\pfe_gui-20170410t194759z-001\pfe_gui\pfe_gui\simul.h(1451): warning C4018: '<' : signed/unsigned mismatch
     1>d:\visuelstudio projects\pfe_gui-20170410t194759z-001\pfe_gui\pfe_gui\simul.h(1456): warning C4244: 'argument' : conversion from 'double' to 'int', possible loss of data
     1>d:\visuelstudio projects\pfe_gui-20170410t194759z-001\pfe_gui\pfe_gui\simul.h(1456): warning C4244: 'argument' : conversion from 'double' to 'int', possible loss of data
     1>d:\visuelstudio projects\pfe_gui-20170410t194759z-001\pfe_gui\pfe_gui\simul.h(1447): warning C4101: 'y_p3' : unreferenced local variable
     1>d:\visuelstudio projects\pfe_gui-20170410t194759z-001\pfe_gui\pfe_gui\simul.h(1447): warning C4101: 'y_p2' : unreferenced local variable
     1>d:\visuelstudio projects\pfe_gui-20170410t194759z-001\pfe_gui\pfe_gui\simul.h(1447): warning C4101: 'y_p1' : unreferenced local variable
     1>d:\visuelstudio projects\pfe_gui-20170410t194759z-001\pfe_gui\pfe_gui\simul.h(1477): warning C4018: '<' : signed/unsigned mismatch
     1>d:\visuelstudio projects\pfe_gui-20170410t194759z-001\pfe_gui\pfe_gui\simul.h(1482): warning C4244: 'argument' : conversion from 'double' to 'int', possible loss of data
     1>d:\visuelstudio projects\pfe_gui-20170410t194759z-001\pfe_gui\pfe_gui\simul.h(1482): warning C4244: 'argument' : conversion from 'double' to 'int', possible loss of data
     1>d:\visuelstudio projects\pfe_gui-20170410t194759z-001\pfe_gui\pfe_gui\simul.h(1516): warning C4101: 'i' : unreferenced local variable
     1>d:\visuelstudio projects\pfe_gui-20170410t194759z-001\pfe_gui\pfe_gui\simul.h(1659): warning C4018: '<' : signed/unsigned mismatch
     1>d:\visuelstudio projects\pfe_gui-20170410t194759z-001\pfe_gui\pfe_gui\simul.h(1662): warning C4244: 'initializing' : conversion from 'float' to 'int', possible loss of data
     1>d:\visuelstudio projects\pfe_gui-20170410t194759z-001\pfe_gui\pfe_gui\simul.h(1663): warning C4244: 'initializing' : conversion from 'float' to 'int', possible loss of data
     1>d:\visuelstudio projects\pfe_gui-20170410t194759z-001\pfe_gui\pfe_gui\simul.h(1668): warning C4244: '=' : conversion from 'double' to 'int', possible loss of data
     1>d:\visuelstudio projects\pfe_gui-20170410t194759z-001\pfe_gui\pfe_gui\simul.h(1713): warning C4018: '<' : signed/unsigned mismatch
     1>d:\visuelstudio projects\pfe_gui-20170410t194759z-001\pfe_gui\pfe_gui\simul.h(1716): warning C4244: 'initializing' : conversion from 'float' to 'int', possible loss of data
     1>d:\visuelstudio projects\pfe_gui-20170410t194759z-001\pfe_gui\pfe_gui\simul.h(1717): warning C4244: 'initializing' : conversion from 'float' to 'int', possible loss of data
     1>d:\visuelstudio projects\pfe_gui-20170410t194759z-001\pfe_gui\pfe_gui\simul.h(1723): warning C4244: '=' : conversion from 'double' to 'int', possible loss of data
     1>d:\visuelstudio projects\pfe_gui-20170410t194759z-001\pfe_gui\pfe_gui\simul.h(1818): warning C4244: 'argument' : conversion from 'double' to 'int', possible loss of data
     1>d:\visuelstudio projects\pfe_gui-20170410t194759z-001\pfe_gui\pfe_gui\simul.h(1959): warning C4018: '<' : signed/unsigned mismatch
     1>d:\visuelstudio projects\pfe_gui-20170410t194759z-001\pfe_gui\pfe_gui\simul.h(2046): warning C4244: 'initializing' : conversion from 'int' to 'float', possible loss of data
     1>d:\visuelstudio projects\pfe_gui-20170410t194759z-001\pfe_gui\pfe_gui\simul.h(2235): warning C4244: '=' : conversion from 'float' to 'int', possible loss of data
     1>d:\visuelstudio projects\pfe_gui-20170410t194759z-001\pfe_gui\pfe_gui\simul.h(2237): warning C4244: '=' : conversion from 'float' to 'int', possible loss of data
     1>d:\visuelstudio projects\pfe_gui-20170410t194759z-001\pfe_gui\pfe_gui\simul.h(2244): warning C4244: '=' : conversion from 'double' to 'int', possible loss of data
     1>d:\visuelstudio projects\pfe_gui-20170410t194759z-001\pfe_gui\pfe_gui\simul.h(2245): warning C4244: '=' : conversion from 'double' to 'int', possible loss of data
     1>d:\visuelstudio projects\pfe_gui-20170410t194759z-001\pfe_gui\pfe_gui\simul.h(2317): warning C4244: 'argument' : conversion from 'double' to 'int', possible loss of data
     1>d:\visuelstudio projects\pfe_gui-20170410t194759z-001\pfe_gui\pfe_gui\simul.h(2661): warning C4244: 'argument' : conversion from 'time_t' to 'unsigned int', possible loss of data
     1>d:\visuelstudio projects\pfe_gui-20170410t194759z-001\pfe_gui\pfe_gui\Form1.h(371): warning C4018: '<' : signed/unsigned mismatch
     1>d:\visuelstudio projects\pfe_gui-20170410t194759z-001\pfe_gui\pfe_gui\Form1.h(386): warning C4244: 'argument' : conversion from 'double' to 'int', possible loss of data
     1>d:\visuelstudio projects\pfe_gui-20170410t194759z-001\pfe_gui\pfe_gui\Form1.h(386): warning C4244: 'argument' : conversion from 'double' to 'int', possible loss of data
     1>d:\visuelstudio projects\pfe_gui-20170410t194759z-001\pfe_gui\pfe_gui\Form1.h(387): warning C4244: 'argument' : conversion from 'double' to 'int', possible loss of data
     1>d:\visuelstudio projects\pfe_gui-20170410t194759z-001\pfe_gui\pfe_gui\Form1.h(387): warning C4244: 'argument' : conversion from 'double' to 'int', possible loss of data
     1>d:\visuelstudio projects\pfe_gui-20170410t194759z-001\pfe_gui\pfe_gui\Form1.h(432): warning C4018: '<' : signed/unsigned mismatch
     1>d:\visuelstudio projects\pfe_gui-20170410t194759z-001\pfe_gui\pfe_gui\Form1.h(442): warning C4018: '<' : signed/unsigned mismatch
     1>d:\visuelstudio projects\pfe_gui-20170410t194759z-001\pfe_gui\pfe_gui\Form1.h(455): warning C4018: '<' : signed/unsigned mismatch
     1>d:\visuelstudio projects\pfe_gui-20170410t194759z-001\pfe_gui\pfe_gui\Form1.h(501): warning C4018: '<' : signed/unsigned mismatch
     1>d:\visuelstudio projects\pfe_gui-20170410t194759z-001\pfe_gui\pfe_gui\Form1.h(514): warning C4018: '<' : signed/unsigned mismatch
     1>d:\visuelstudio projects\pfe_gui-20170410t194759z-001\pfe_gui\pfe_gui\Form1.h(710): warning C4244: '=' : conversion from 'unsigned long' to 'uchar', possible loss of data
     1>d:\visuelstudio projects\pfe_gui-20170410t194759z-001\pfe_gui\pfe_gui\Form1.h(980): warning C4018: '<' : signed/unsigned mismatch
     1>d:\visuelstudio projects\pfe_gui-20170410t194759z-001\pfe_gui\pfe_gui\Form1.h(991): warning C4018: '<' : signed/unsigned mismatch
     1>d:\visuelstudio projects\pfe_gui-20170410t194759z-001\pfe_gui\pfe_gui\Form1.h(1033): warning C4244: '=' : conversion from 'double' to 'float', possible loss of data
     1>d:\visuelstudio projects\pfe_gui-20170410t194759z-001\pfe_gui\pfe_gui\Form1.h(1044): warning C4244: '=' : conversion from 'double' to 'float', possible loss of data
     1>d:\visuelstudio projects\pfe_gui-20170410t194759z-001\pfe_gui\pfe_gui\Form1.h(1050): warning C4244: '=' : conversion from 'double' to 'float', possible loss of data
     1>d:\visuelstudio projects\pfe_gui-20170410t194759z-001\pfe_gui\pfe_gui\Form1.h(1068): warning C4018: '<' : signed/unsigned mismatch
     1>d:\visuelstudio projects\pfe_gui-20170410t194759z-001\pfe_gui\pfe_gui\Form1.h(1073): warning C4244: '=' : conversion from 'double' to 'float', possible loss of data
     1>d:\visuelstudio projects\pfe_gui-20170410t194759z-001\pfe_gui\pfe_gui\Form1.h(1112): warning C4244: 'argument' : conversion from 'double' to 'float', possible loss of data
     1>d:\visuelstudio projects\pfe_gui-20170410t194759z-001\pfe_gui\pfe_gui\Form1.h(1113): warning C4244: 'argument' : conversion from 'double' to 'int', possible loss of data
     1>d:\visuelstudio projects\pfe_gui-20170410t194759z-001\pfe_gui\pfe_gui\Form1.h(1194): warning C4018: '<' : signed/unsigned mismatch
     1>d:\visuelstudio projects\pfe_gui-20170410t194759z-001\pfe_gui\pfe_gui\Form1.h(1229): warning C4018: '<' : signed/unsigned mismatch
     1>d:\visuelstudio projects\pfe_gui-20170410t194759z-001\pfe_gui\pfe_gui\Form1.h(1252): warning C4018: '<' : signed/unsigned mismatch
     1>d:\visuelstudio projects\pfe_gui-20170410t194759z-001\pfe_gui\pfe_gui\Form1.h(1283): warning C4018: '<' : signed/unsigned mismatch
     1>d:\visuelstudio projects\pfe_gui-20170410t194759z-001\pfe_gui\pfe_gui\Form1.h(1343): warning C4244: '=' : conversion from 'double' to 'float', possible loss of data
     1>d:\visuelstudio projects\pfe_gui-20170410t194759z-001\pfe_gui\pfe_gui\Form1.h(1350): warning C4244: '=' : conversion from 'double' to 'float', possible loss of data
     1>d:\visuelstudio projects\pfe_gui-20170410t194759z-001\pfe_gui\pfe_gui\Form1.h(1659): warning C4244: '=' : conversion from 'double' to 'int', possible loss of data
     1>d:\visuelstudio projects\pfe_gui-20170410t194759z-001\pfe_gui\pfe_gui\Form1.h(1660): warning C4244: '=' : conversion from 'double' to 'int', possible loss of data
     1>d:\visuelstudio projects\pfe_gui-20170410t194759z-001\pfe_gui\pfe_gui\Form1.h(1661): warning C4244: '=' : conversion from 'double' to 'int', possible loss of data
     1>d:\visuelstudio projects\pfe_gui-20170410t194759z-001\pfe_gui\pfe_gui\Form1.h(1662): warning C4244: '=' : conversion from 'double' to 'int', possible loss of data
     1>d:\visuelstudio projects\pfe_gui-20170410t194759z-001\pfe_gui\pfe_gui\Form1.h(1663): warning C4244: '=' : conversion from 'double' to 'int', possible loss of data
     1>d:\visuelstudio projects\pfe_gui-20170410t194759z-001\pfe_gui\pfe_gui\Form1.h(1664): warning C4244: '=' : conversion from 'double' to 'int', possible loss of data
     1>d:\visuelstudio projects\pfe_gui-20170410t194759z-001\pfe_gui\pfe_gui\Form1.h(1665): warning C4244: '=' : conversion from 'double' to 'int', possible loss of data
     1>d:\visuelstudio projects\pfe_gui-20170410t194759z-001\pfe_gui\pfe_gui\Form1.h(1666): warning C4244: '=' : conversion from 'double' to 'int', possible loss of data
     1>d:\visuelstudio projects\pfe_gui-20170410t194759z-001\pfe_gui\pfe_gui\Form1.h(1667): warning C4244: '=' : conversion from 'double' to 'int', possible loss of data
     1>d:\visuelstudio projects\pfe_gui-20170410t194759z-001\pfe_gui\pfe_gui\Form1.h(1668): warning C4244: '=' : conversion from 'double' to 'int', possible loss of data
     1>d:\visuelstudio projects\pfe_gui-20170410t194759z-001\pfe_gui\pfe_gui\Form1.h(1670): warning C4244: '=' : conversion from 'double' to 'int', possible loss of data
     1>d:\visuelstudio projects\pfe_gui-20170410t194759z-001\pfe_gui\pfe_gui\Form1.h(1677): warning C4244: '=' : conversion from 'double' to 'int', possible loss of data
     1>d:\visuelstudio projects\pfe_gui-20170410t194759z-001\pfe_gui\pfe_gui\Form1.h(1685): warning C4244: '=' : conversion from 'double' to 'int', possible loss of data
     1>d:\visuelstudio projects\pfe_gui-20170410t194759z-001\pfe_gui\pfe_gui\Form1.h(1694): warning C4244: '=' : conversion from 'double' to 'int', possible loss of data
     1>d:\visuelstudio projects\pfe_gui-20170410t194759z-001\pfe_gui\pfe_gui\Form1.h(1714): warning C4018: '<' : signed/unsigned mismatch
     1>d:\visuelstudio projects\pfe_gui-20170410t194759z-001\pfe_gui\pfe_gui\Form1.h(1752): warning C4244: 'argument' : conversion from 'double' to 'float', possible loss of data
     1>d:\visuelstudio projects\pfe_gui-20170410t194759z-001\pfe_gui\pfe_gui\Form1.h(1752): warning C4244: 'argument' : conversion from 'double' to 'float', possible loss of data
     1>d:\visuelstudio projects\pfe_gui-20170410t194759z-001\pfe_gui\pfe_gui\Form1.h(1917): warning C4018: '<' : signed/unsigned mismatch
     1>d:\visuelstudio projects\pfe_gui-20170410t194759z-001\pfe_gui\pfe_gui\Form1.h(1923): warning C4244: 'argument' : conversion from 'double' to 'int', possible loss of data
     1>d:\visuelstudio projects\pfe_gui-20170410t194759z-001\pfe_gui\pfe_gui\Form1.h(1935): warning C4018: '<' : signed/unsigned mismatch
     1>d:\visuelstudio projects\pfe_gui-20170410t194759z-001\pfe_gui\pfe_gui\Form1.h(1974): warning C4244: 'argument' : conversion from 'double' to 'int', possible loss of data
     1>d:\visuelstudio projects\pfe_gui-20170410t194759z-001\pfe_gui\pfe_gui\Form1.h(1960): warning C4101: 'j' : unreferenced local variable
     1>d:\visuelstudio projects\pfe_gui-20170410t194759z-001\pfe_gui\pfe_gui\Form1.h(1988): warning C4018: '<' : signed/unsigned mismatch
     1>d:\visuelstudio projects\pfe_gui-20170410t194759z-001\pfe_gui\pfe_gui\Form1.h(1994): warning C4244: 'argument' : conversion from 'double' to 'int', possible loss of data
     1>d:\visuelstudio projects\pfe_gui-20170410t194759z-001\pfe_gui\pfe_gui\Form1.h(2010): warning C4018: '<' : signed/unsigned mismatch
     1>d:\visuelstudio projects\pfe_gui-20170410t194759z-001\pfe_gui\pfe_gui\Form1.h(2020): warning C4018: '<' : signed/unsigned mismatch
     1>d:\visuelstudio projects\pfe_gui-20170410t194759z-001\pfe_gui\pfe_gui\Form1.h(2080): warning C4018: '<' : signed/unsigned mismatch
     1>d:\visuelstudio projects\pfe_gui-20170410t194759z-001\pfe_gui\pfe_gui\Form1.h(2084): warning C4244: 'argument' : conversion from 'double' to 'int', possible loss of data
     1>d:\visuelstudio projects\pfe_gui-20170410t194759z-001\pfe_gui\pfe_gui\Form1.h(2073): warning C4101: 'indF' : unreferenced local variable
     1>d:\visuelstudio projects\pfe_gui-20170410t194759z-001\pfe_gui\pfe_gui\Form1.h(2073): warning C4101: 'indD' : unreferenced local variable
     1>d:\visuelstudio projects\pfe_gui-20170410t194759z-001\pfe_gui\pfe_gui\Form1.h(2111): warning C4244: 'argument' : conversion from 'double' to 'int', possible loss of data
     1>d:\visuelstudio projects\pfe_gui-20170410t194759z-001\pfe_gui\pfe_gui\Form1.h(2337): warning C4101: 'Calcul' : unreferenced local variable
     1>d:\visuelstudio projects\pfe_gui-20170410t194759z-001\pfe_gui\pfe_gui\Form1.h(2460): warning C4101: 'Calcul' : unreferenced local variable
     1>d:\visuelstudio projects\pfe_gui-20170410t194759z-001\pfe_gui\pfe_gui\Form1.h(2519): warning C4101: 'Calcul' : unreferenced local variable
     1>d:\visuelstudio projects\pfe_gui-20170410t194759z-001\pfe_gui\pfe_gui\Form1.h(2592): warning C4018: '<' : signed/unsigned mismatch
     1>d:\visuelstudio projects\pfe_gui-20170410t194759z-001\pfe_gui\pfe_gui\Form1.h(2597): warning C4244: 'argument' : conversion from 'double' to 'int', possible loss of data
     1>d:\visuelstudio projects\pfe_gui-20170410t194759z-001\pfe_gui\pfe_gui\Form1.h(2597): warning C4244: 'argument' : conversion from 'double' to 'int', possible loss of data
     1>d:\visuelstudio projects\pfe_gui-20170410t194759z-001\pfe_gui\pfe_gui\Form1.h(2617): warning C4018: '<' : signed/unsigned mismatch
     1>d:\visuelstudio projects\pfe_gui-20170410t194759z-001\pfe_gui\pfe_gui\Form1.h(2622): warning C4244: 'argument' : conversion from 'double' to 'int', possible loss of data
     1>d:\visuelstudio projects\pfe_gui-20170410t194759z-001\pfe_gui\pfe_gui\Form1.h(2622): warning C4244: 'argument' : conversion from 'double' to 'int', possible loss of data
     1>d:\visuelstudio projects\pfe_gui-20170410t194759z-001\pfe_gui\pfe_gui\Form1.h(2613): warning C4101: 'y_p3' : unreferenced local variable
     1>d:\visuelstudio projects\pfe_gui-20170410t194759z-001\pfe_gui\pfe_gui\Form1.h(2613): warning C4101: 'y_p2' : unreferenced local variable
     1>d:\visuelstudio projects\pfe_gui-20170410t194759z-001\pfe_gui\pfe_gui\Form1.h(2613): warning C4101: 'y_p1' : unreferenced local variable
     1>d:\visuelstudio projects\pfe_gui-20170410t194759z-001\pfe_gui\pfe_gui\Form1.h(2643): warning C4018: '<' : signed/unsigned mismatch
     1>d:\visuelstudio projects\pfe_gui-20170410t194759z-001\pfe_gui\pfe_gui\Form1.h(2648): warning C4244: 'argument' : conversion from 'double' to 'int', possible loss of data
     1>d:\visuelstudio projects\pfe_gui-20170410t194759z-001\pfe_gui\pfe_gui\Form1.h(2648): warning C4244: 'argument' : conversion from 'double' to 'int', possible loss of data
     1>d:\visuelstudio projects\pfe_gui-20170410t194759z-001\pfe_gui\pfe_gui\Form1.h(2682): warning C4101: 'i' : unreferenced local variable
     1>d:\visuelstudio projects\pfe_gui-20170410t194759z-001\pfe_gui\pfe_gui\Form1.h(2810): warning C4018: '<' : signed/unsigned mismatch
     1>d:\visuelstudio projects\pfe_gui-20170410t194759z-001\pfe_gui\pfe_gui\Form1.h(2813): warning C4244: 'initializing' : conversion from 'float' to 'int', possible loss of data
     1>d:\visuelstudio projects\pfe_gui-20170410t194759z-001\pfe_gui\pfe_gui\Form1.h(2814): warning C4244: 'initializing' : conversion from 'float' to 'int', possible loss of data
     1>d:\visuelstudio projects\pfe_gui-20170410t194759z-001\pfe_gui\pfe_gui\Form1.h(2819): warning C4244: '=' : conversion from 'double' to 'int', possible loss of data
     1>d:\visuelstudio projects\pfe_gui-20170410t194759z-001\pfe_gui\pfe_gui\Form1.h(2880): warning C4018: '>=' : signed/unsigned mismatch
     1>d:\visuelstudio projects\pfe_gui-20170410t194759z-001\pfe_gui\pfe_gui\Form1.h(2954): warning C4018: '<' : signed/unsigned mismatch
     1>d:\visuelstudio projects\pfe_gui-20170410t194759z-001\pfe_gui\pfe_gui\Form1.h(2957): warning C4244: 'initializing' : conversion from 'float' to 'int', possible loss of data
     1>d:\visuelstudio projects\pfe_gui-20170410t194759z-001\pfe_gui\pfe_gui\Form1.h(2958): warning C4244: 'initializing' : conversion from 'float' to 'int', possible loss of data
     1>d:\visuelstudio projects\pfe_gui-20170410t194759z-001\pfe_gui\pfe_gui\Form1.h(2964): warning C4244: '=' : conversion from 'double' to 'int', possible loss of data
     1>d:\visuelstudio projects\pfe_gui-20170410t194759z-001\pfe_gui\pfe_gui\Form1.h(2996): warning C4244: 'argument' : conversion from 'double' to 'int', possible loss of data
     1>d:\visuelstudio projects\pfe_gui-20170410t194759z-001\pfe_gui\pfe_gui\Form1.h(3033): warning C4018: '<' : signed/unsigned mismatch
     1>d:\visuelstudio projects\pfe_gui-20170410t194759z-001\pfe_gui\pfe_gui\Form1.h(3120): warning C4244: 'initializing' : conversion from 'int' to 'float', possible loss of data
     1>d:\visuelstudio projects\pfe_gui-20170410t194759z-001\pfe_gui\pfe_gui\Form1.h(3309): warning C4244: '=' : conversion from 'float' to 'int', possible loss of data
     1>d:\visuelstudio projects\pfe_gui-20170410t194759z-001\pfe_gui\pfe_gui\Form1.h(3311): warning C4244: '=' : conversion from 'float' to 'int', possible loss of data
     1>d:\visuelstudio projects\pfe_gui-20170410t194759z-001\pfe_gui\pfe_gui\Form1.h(3318): warning C4244: '=' : conversion from 'double' to 'int', possible loss of data
     1>d:\visuelstudio projects\pfe_gui-20170410t194759z-001\pfe_gui\pfe_gui\Form1.h(3319): warning C4244: '=' : conversion from 'double' to 'int', possible loss of data
     1>d:\visuelstudio projects\pfe_gui-20170410t194759z-001\pfe_gui\pfe_gui\Form1.h(3469): warning C4244: 'initializing' : conversion from 'double' to 'int', possible loss of data
     1>d:\visuelstudio projects\pfe_gui-20170410t194759z-001\pfe_gui\pfe_gui\Form1.h(3473): warning C4018: '<' : signed/unsigned mismatch
     1>d:\visuelstudio projects\pfe_gui-20170410t194759z-001\pfe_gui\pfe_gui\Form1.h(3479): warning C4244: 'argument' : conversion from 'double' to 'int', possible loss of data
     1>d:\visuelstudio projects\pfe_gui-20170410t194759z-001\pfe_gui\pfe_gui\Form1.h(3482): warning C4244: '=' : conversion from 'double' to 'int', possible loss of data
     1>d:\visuelstudio projects\pfe_gui-20170410t194759z-001\pfe_gui\pfe_gui\Form1.h(3489): warning C4018: '<' : signed/unsigned mismatch
     1>d:\visuelstudio projects\pfe_gui-20170410t194759z-001\pfe_gui\pfe_gui\Form1.h(3492): warning C4018: '<' : signed/unsigned mismatch
     1>d:\visuelstudio projects\pfe_gui-20170410t194759z-001\pfe_gui\pfe_gui\Form1.h(3465): warning C4101: 'y_p3' : unreferenced local variable
     1>d:\visuelstudio projects\pfe_gui-20170410t194759z-001\pfe_gui\pfe_gui\Form1.h(3465): warning C4101: 'y_p2' : unreferenced local variable
     1>d:\visuelstudio projects\pfe_gui-20170410t194759z-001\pfe_gui\pfe_gui\Form1.h(3465): warning C4101: 'y_p1' : unreferenced local variable
     1>d:\visuelstudio projects\pfe_gui-20170410t194759z-001\pfe_gui\pfe_gui\Form1.h(3523): warning C4244: 'initializing' : conversion from 'double' to 'int', possible loss of data
     1>d:\visuelstudio projects\pfe_gui-20170410t194759z-001\pfe_gui\pfe_gui\Form1.h(3527): warning C4018: '<' : signed/unsigned mismatch
     1>d:\visuelstudio projects\pfe_gui-20170410t194759z-001\pfe_gui\pfe_gui\Form1.h(3533): warning C4244: 'argument' : conversion from 'double' to 'int', possible loss of data
     1>d:\visuelstudio projects\pfe_gui-20170410t194759z-001\pfe_gui\pfe_gui\Form1.h(3536): warning C4244: '=' : conversion from 'double' to 'int', possible loss of data
     1>d:\visuelstudio projects\pfe_gui-20170410t194759z-001\pfe_gui\pfe_gui\Form1.h(3543): warning C4018: '<' : signed/unsigned mismatch
     1>d:\visuelstudio projects\pfe_gui-20170410t194759z-001\pfe_gui\pfe_gui\Form1.h(3519): warning C4101: 'y_p3' : unreferenced local variable
     1>d:\visuelstudio projects\pfe_gui-20170410t194759z-001\pfe_gui\pfe_gui\Form1.h(3519): warning C4101: 'y_p2' : unreferenced local variable
     1>d:\visuelstudio projects\pfe_gui-20170410t194759z-001\pfe_gui\pfe_gui\Form1.h(3519): warning C4101: 'y_p1' : unreferenced local variable
     1>d:\visuelstudio projects\pfe_gui-20170410t194759z-001\pfe_gui\pfe_gui\Form1.h(3569): warning C4244: 'argument' : conversion from 'time_t' to 'unsigned int', possible loss of data
     1>d:\visuelstudio projects\pfe_gui-20170410t194759z-001\pfe_gui\pfe_gui\Form1.h(3702): warning C4244: 'argument' : conversion from 'time_t' to 'unsigned int', possible loss of data
         MenuAppli.cpp
     1>c:\opencv249_openni\opencv\build\include\opencv2\flann\logger.h(66): warning C4996: 'fopen': This function or variable may be unsafe. Consider using fopen_s instead. To disable deprecation, use _CRT_SECURE_NO_WARNINGS. See online help for details.
                 C:\Program Files (x86)\Microsoft Visual Studio 10.0\VC\include\stdio.h(234) : see declaration of 'fopen'
     1>d:\visuelstudio projects\pfe_gui-20170410t194759z-001\pfe_gui\pfe_gui\simul.h(260): warning C4018: '<' : signed/unsigned mismatch
     1>d:\visuelstudio projects\pfe_gui-20170410t194759z-001\pfe_gui\pfe_gui\simul.h(275): warning C4244: 'argument' : conversion from 'double' to 'int', possible loss of data
     1>d:\visuelstudio projects\pfe_gui-20170410t194759z-001\pfe_gui\pfe_gui\simul.h(275): warning C4244: 'argument' : conversion from 'double' to 'int', possible loss of data
     1>d:\visuelstudio projects\pfe_gui-20170410t194759z-001\pfe_gui\pfe_gui\simul.h(276): warning C4244: 'argument' : conversion from 'double' to 'int', possible loss of data
     1>d:\visuelstudio projects\pfe_gui-20170410t194759z-001\pfe_gui\pfe_gui\simul.h(276): warning C4244: 'argument' : conversion from 'double' to 'int', possible loss of data
     1>d:\visuelstudio projects\pfe_gui-20170410t194759z-001\pfe_gui\pfe_gui\simul.h(321): warning C4018: '<' : signed/unsigned mismatch
     1>d:\visuelstudio projects\pfe_gui-20170410t194759z-001\pfe_gui\pfe_gui\simul.h(331): warning C4018: '<' : signed/unsigned mismatch
     1>d:\visuelstudio projects\pfe_gui-20170410t194759z-001\pfe_gui\pfe_gui\simul.h(344): warning C4018: '<' : signed/unsigned mismatch
     1>d:\visuelstudio projects\pfe_gui-20170410t194759z-001\pfe_gui\pfe_gui\simul.h(389): warning C4018: '<' : signed/unsigned mismatch
     1>d:\visuelstudio projects\pfe_gui-20170410t194759z-001\pfe_gui\pfe_gui\simul.h(402): warning C4018: '<' : signed/unsigned mismatch
     1>d:\visuelstudio projects\pfe_gui-20170410t194759z-001\pfe_gui\pfe_gui\simul.h(589): warning C4244: '=' : conversion from 'unsigned long' to 'uchar', possible loss of data
     1>d:\visuelstudio projects\pfe_gui-20170410t194759z-001\pfe_gui\pfe_gui\simul.h(904): warning C4018: '<' : signed/unsigned mismatch
     1>d:\visuelstudio projects\pfe_gui-20170410t194759z-001\pfe_gui\pfe_gui\simul.h(942): warning C4244: 'argument' : conversion from 'double' to 'float', possible loss of data
     1>d:\visuelstudio projects\pfe_gui-20170410t194759z-001\pfe_gui\pfe_gui\simul.h(942): warning C4244: 'argument' : conversion from 'double' to 'float', possible loss of data
     1>d:\visuelstudio projects\pfe_gui-20170410t194759z-001\pfe_gui\pfe_gui\simul.h(970): warning C4018: '<' : signed/unsigned mismatch
     1>d:\visuelstudio projects\pfe_gui-20170410t194759z-001\pfe_gui\pfe_gui\simul.h(1011): warning C4018: '>=' : signed/unsigned mismatch
     1>d:\visuelstudio projects\pfe_gui-20170410t194759z-001\pfe_gui\pfe_gui\simul.h(1172): warning C4101: 'Calcul' : unreferenced local variable
     1>d:\visuelstudio projects\pfe_gui-20170410t194759z-001\pfe_gui\pfe_gui\simul.h(1294): warning C4101: 'Calcul' : unreferenced local variable
     1>d:\visuelstudio projects\pfe_gui-20170410t194759z-001\pfe_gui\pfe_gui\simul.h(1353): warning C4101: 'Calcul' : unreferenced local variable
     1>d:\visuelstudio projects\pfe_gui-20170410t194759z-001\pfe_gui\pfe_gui\simul.h(1426): warning C4018: '<' : signed/unsigned mismatch
     1>d:\visuelstudio projects\pfe_gui-20170410t194759z-001\pfe_gui\pfe_gui\simul.h(1431): warning C4244: 'argument' : conversion from 'double' to 'int', possible loss of data
     1>d:\visuelstudio projects\pfe_gui-20170410t194759z-001\pfe_gui\pfe_gui\simul.h(1431): warning C4244: 'argument' : conversion from 'double' to 'int', possible loss of data
     1>d:\visuelstudio projects\pfe_gui-20170410t194759z-001\pfe_gui\pfe_gui\simul.h(1451): warning C4018: '<' : signed/unsigned mismatch
     1>d:\visuelstudio projects\pfe_gui-20170410t194759z-001\pfe_gui\pfe_gui\simul.h(1456): warning C4244: 'argument' : conversion from 'double' to 'int', possible loss of data
     1>d:\visuelstudio projects\pfe_gui-20170410t194759z-001\pfe_gui\pfe_gui\simul.h(1456): warning C4244: 'argument' : conversion from 'double' to 'int', possible loss of data
     1>d:\visuelstudio projects\pfe_gui-20170410t194759z-001\pfe_gui\pfe_gui\simul.h(1447): warning C4101: 'y_p3' : unreferenced local variable
     1>d:\visuelstudio projects\pfe_gui-20170410t194759z-001\pfe_gui\pfe_gui\simul.h(1447): warning C4101: 'y_p2' : unreferenced local variable
     1>d:\visuelstudio projects\pfe_gui-20170410t194759z-001\pfe_gui\pfe_gui\simul.h(1447): warning C4101: 'y_p1' : unreferenced local variable
     1>d:\visuelstudio projects\pfe_gui-20170410t194759z-001\pfe_gui\pfe_gui\simul.h(1477): warning C4018: '<' : signed/unsigned mismatch
     1>d:\visuelstudio projects\pfe_gui-20170410t194759z-001\pfe_gui\pfe_gui\simul.h(1482): warning C4244: 'argument' : conversion from 'double' to 'int', possible loss of data
     1>d:\visuelstudio projects\pfe_gui-20170410t194759z-001\pfe_gui\pfe_gui\simul.h(1482): warning C4244: 'argument' : conversion from 'double' to 'int', possible loss of data
     1>d:\visuelstudio projects\pfe_gui-20170410t194759z-001\pfe_gui\pfe_gui\simul.h(1516): warning C4101: 'i' : unreferenced local variable
     1>d:\visuelstudio projects\pfe_gui-20170410t194759z-001\pfe_gui\pfe_gui\simul.h(1659): warning C4018: '<' : signed/unsigned mismatch
     1>d:\visuelstudio projects\pfe_gui-20170410t194759z-001\pfe_gui\pfe_gui\simul.h(1662): warning C4244: 'initializing' : conversion from 'float' to 'int', possible loss of data
     1>d:\visuelstudio projects\pfe_gui-20170410t194759z-001\pfe_gui\pfe_gui\simul.h(1663): warning C4244: 'initializing' : conversion from 'float' to 'int', possible loss of data
     1>d:\visuelstudio projects\pfe_gui-20170410t194759z-001\pfe_gui\pfe_gui\simul.h(1668): warning C4244: '=' : conversion from 'double' to 'int', possible loss of data
     1>d:\visuelstudio projects\pfe_gui-20170410t194759z-001\pfe_gui\pfe_gui\simul.h(1713): warning C4018: '<' : signed/unsigned mismatch
     1>d:\visuelstudio projects\pfe_gui-20170410t194759z-001\pfe_gui\pfe_gui\simul.h(1716): warning C4244: 'initializing' : conversion from 'float' to 'int', possible loss of data
     1>d:\visuelstudio projects\pfe_gui-20170410t194759z-001\pfe_gui\pfe_gui\simul.h(1717): warning C4244: 'initializing' : conversion from 'float' to 'int', possible loss of data
     1>d:\visuelstudio projects\pfe_gui-20170410t194759z-001\pfe_gui\pfe_gui\simul.h(1723): warning C4244: '=' : conversion from 'double' to 'int', possible loss of data
     1>d:\visuelstudio projects\pfe_gui-20170410t194759z-001\pfe_gui\pfe_gui\simul.h(1818): warning C4244: 'argument' : conversion from 'double' to 'int', possible loss of data
     1>d:\visuelstudio projects\pfe_gui-20170410t194759z-001\pfe_gui\pfe_gui\simul.h(1959): warning C4018: '<' : signed/unsigned mismatch
     1>d:\visuelstudio projects\pfe_gui-20170410t194759z-001\pfe_gui\pfe_gui\simul.h(2046): warning C4244: 'initializing' : conversion from 'int' to 'float', possible loss of data
     1>d:\visuelstudio projects\pfe_gui-20170410t194759z-001\pfe_gui\pfe_gui\simul.h(2235): warning C4244: '=' : conversion from 'float' to 'int', possible loss of data
     1>d:\visuelstudio projects\pfe_gui-20170410t194759z-001\pfe_gui\pfe_gui\simul.h(2237): warning C4244: '=' : conversion from 'float' to 'int', possible loss of data
     1>d:\visuelstudio projects\pfe_gui-20170410t194759z-001\pfe_gui\pfe_gui\simul.h(2244): warning C4244: '=' : conversion from 'double' to 'int', possible loss of data
     1>d:\visuelstudio projects\pfe_gui-20170410t194759z-001\pfe_gui\pfe_gui\simul.h(2245): warning C4244: '=' : conversion from 'double' to 'int', possible loss of data
     1>d:\visuelstudio projects\pfe_gui-20170410t194759z-001\pfe_gui\pfe_gui\simul.h(2317): warning C4244: 'argument' : conversion from 'double' to 'int', possible loss of data
     1>d:\visuelstudio projects\pfe_gui-20170410t194759z-001\pfe_gui\pfe_gui\simul.h(2661): warning C4244: 'argument' : conversion from 'time_t' to 'unsigned int', possible loss of data
     1>d:\visuelstudio projects\pfe_gui-20170410t194759z-001\pfe_gui\pfe_gui\Form1.h(371): warning C4018: '<' : signed/unsigned mismatch
     1>d:\visuelstudio projects\pfe_gui-20170410t194759z-001\pfe_gui\pfe_gui\Form1.h(386): warning C4244: 'argument' : conversion from 'double' to 'int', possible loss of data
     1>d:\visuelstudio projects\pfe_gui-20170410t194759z-001\pfe_gui\pfe_gui\Form1.h(386): warning C4244: 'argument' : conversion from 'double' to 'int', possible loss of data
     1>d:\visuelstudio projects\pfe_gui-20170410t194759z-001\pfe_gui\pfe_gui\Form1.h(387): warning C4244: 'argument' : conversion from 'double' to 'int', possible loss of data
     1>d:\visuelstudio projects\pfe_gui-20170410t194759z-001\pfe_gui\pfe_gui\Form1.h(387): warning C4244: 'argument' : conversion from 'double' to 'int', possible loss of data
     1>d:\visuelstudio projects\pfe_gui-20170410t194759z-001\pfe_gui\pfe_gui\Form1.h(432): warning C4018: '<' : signed/unsigned mismatch
     1>d:\visuelstudio projects\pfe_gui-20170410t194759z-001\pfe_gui\pfe_gui\Form1.h(442): warning C4018: '<' : signed/unsigned mismatch
     1>d:\visuelstudio projects\pfe_gui-20170410t194759z-001\pfe_gui\pfe_gui\Form1.h(455): warning C4018: '<' : signed/unsigned mismatch
     1>d:\visuelstudio projects\pfe_gui-20170410t194759z-001\pfe_gui\pfe_gui\Form1.h(501): warning C4018: '<' : signed/unsigned mismatch
     1>d:\visuelstudio projects\pfe_gui-20170410t194759z-001\pfe_gui\pfe_gui\Form1.h(514): warning C4018: '<' : signed/unsigned mismatch
     1>d:\visuelstudio projects\pfe_gui-20170410t194759z-001\pfe_gui\pfe_gui\Form1.h(710): warning C4244: '=' : conversion from 'unsigned long' to 'uchar', possible loss of data
     1>d:\visuelstudio projects\pfe_gui-20170410t194759z-001\pfe_gui\pfe_gui\Form1.h(980): warning C4018: '<' : signed/unsigned mismatch
     1>d:\visuelstudio projects\pfe_gui-20170410t194759z-001\pfe_gui\pfe_gui\Form1.h(991): warning C4018: '<' : signed/unsigned mismatch
     1>d:\visuelstudio projects\pfe_gui-20170410t194759z-001\pfe_gui\pfe_gui\Form1.h(1033): warning C4244: '=' : conversion from 'double' to 'float', possible loss of data
     1>d:\visuelstudio projects\pfe_gui-20170410t194759z-001\pfe_gui\pfe_gui\Form1.h(1044): warning C4244: '=' : conversion from 'double' to 'float', possible loss of data
     1>d:\visuelstudio projects\pfe_gui-20170410t194759z-001\pfe_gui\pfe_gui\Form1.h(1050): warning C4244: '=' : conversion from 'double' to 'float', possible loss of data
     1>d:\visuelstudio projects\pfe_gui-20170410t194759z-001\pfe_gui\pfe_gui\Form1.h(1068): warning C4018: '<' : signed/unsigned mismatch
     1>d:\visuelstudio projects\pfe_gui-20170410t194759z-001\pfe_gui\pfe_gui\Form1.h(1073): warning C4244: '=' : conversion from 'double' to 'float', possible loss of data
     1>d:\visuelstudio projects\pfe_gui-20170410t194759z-001\pfe_gui\pfe_gui\Form1.h(1112): warning C4244: 'argument' : conversion from 'double' to 'float', possible loss of data
     1>d:\visuelstudio projects\pfe_gui-20170410t194759z-001\pfe_gui\pfe_gui\Form1.h(1113): warning C4244: 'argument' : conversion from 'double' to 'int', possible loss of data
     1>d:\visuelstudio projects\pfe_gui-20170410t194759z-001\pfe_gui\pfe_gui\Form1.h(1194): warning C4018: '<' : signed/unsigned mismatch
     1>d:\visuelstudio projects\pfe_gui-20170410t194759z-001\pfe_gui\pfe_gui\Form1.h(1229): warning C4018: '<' : signed/unsigned mismatch
     1>d:\visuelstudio projects\pfe_gui-20170410t194759z-001\pfe_gui\pfe_gui\Form1.h(1252): warning C4018: '<' : signed/unsigned mismatch
     1>d:\visuelstudio projects\pfe_gui-20170410t194759z-001\pfe_gui\pfe_gui\Form1.h(1283): warning C4018: '<' : signed/unsigned mismatch
     1>d:\visuelstudio projects\pfe_gui-20170410t194759z-001\pfe_gui\pfe_gui\Form1.h(1343): warning C4244: '=' : conversion from 'double' to 'float', possible loss of data
     1>d:\visuelstudio projects\pfe_gui-20170410t194759z-001\pfe_gui\pfe_gui\Form1.h(1350): warning C4244: '=' : conversion from 'double' to 'float', possible loss of data
     1>d:\visuelstudio projects\pfe_gui-20170410t194759z-001\pfe_gui\pfe_gui\Form1.h(1659): warning C4244: '=' : conversion from 'double' to 'int', possible loss of data
     1>d:\visuelstudio projects\pfe_gui-20170410t194759z-001\pfe_gui\pfe_gui\Form1.h(1660): warning C4244: '=' : conversion from 'double' to 'int', possible loss of data
     1>d:\visuelstudio projects\pfe_gui-20170410t194759z-001\pfe_gui\pfe_gui\Form1.h(1661): warning C4244: '=' : conversion from 'double' to 'int', possible loss of data
     1>d:\visuelstudio projects\pfe_gui-20170410t194759z-001\pfe_gui\pfe_gui\Form1.h(1662): warning C4244: '=' : conversion from 'double' to 'int', possible loss of data
     1>d:\visuelstudio projects\pfe_gui-20170410t194759z-001\pfe_gui\pfe_gui\Form1.h(1663): warning C4244: '=' : conversion from 'double' to 'int', possible loss of data
     1>d:\visuelstudio projects\pfe_gui-20170410t194759z-001\pfe_gui\pfe_gui\Form1.h(1664): warning C4244: '=' : conversion from 'double' to 'int', possible loss of data
     1>d:\visuelstudio projects\pfe_gui-20170410t194759z-001\pfe_gui\pfe_gui\Form1.h(1665): warning C4244: '=' : conversion from 'double' to 'int', possible loss of data
     1>d:\visuelstudio projects\pfe_gui-20170410t194759z-001\pfe_gui\pfe_gui\Form1.h(1666): warning C4244: '=' : conversion from 'double' to 'int', possible loss of data
     1>d:\visuelstudio projects\pfe_gui-20170410t194759z-001\pfe_gui\pfe_gui\Form1.h(1667): warning C4244: '=' : conversion from 'double' to 'int', possible loss of data
     1>d:\visuelstudio projects\pfe_gui-20170410t194759z-001\pfe_gui\pfe_gui\Form1.h(1668): warning C4244: '=' : conversion from 'double' to 'int', possible loss of data
     1>d:\visuelstudio projects\pfe_gui-20170410t194759z-001\pfe_gui\pfe_gui\Form1.h(1670): warning C4244: '=' : conversion from 'double' to 'int', possible loss of data
     1>d:\visuelstudio projects\pfe_gui-20170410t194759z-001\pfe_gui\pfe_gui\Form1.h(1677): warning C4244: '=' : conversion from 'double' to 'int', possible loss of data
     1>d:\visuelstudio projects\pfe_gui-20170410t194759z-001\pfe_gui\pfe_gui\Form1.h(1685): warning C4244: '=' : conversion from 'double' to 'int', possible loss of data
     1>d:\visuelstudio projects\pfe_gui-20170410t194759z-001\pfe_gui\pfe_gui\Form1.h(1694): warning C4244: '=' : conversion from 'double' to 'int', possible loss of data
     1>d:\visuelstudio projects\pfe_gui-20170410t194759z-001\pfe_gui\pfe_gui\Form1.h(1714): warning C4018: '<' : signed/unsigned mismatch
     1>d:\visuelstudio projects\pfe_gui-20170410t194759z-001\pfe_gui\pfe_gui\Form1.h(1752): warning C4244: 'argument' : conversion from 'double' to 'float', possible loss of data
     1>d:\visuelstudio projects\pfe_gui-20170410t194759z-001\pfe_gui\pfe_gui\Form1.h(1752): warning C4244: 'argument' : conversion from 'double' to 'float', possible loss of data
     1>d:\visuelstudio projects\pfe_gui-20170410t194759z-001\pfe_gui\pfe_gui\Form1.h(1917): warning C4018: '<' : signed/unsigned mismatch
     1>d:\visuelstudio projects\pfe_gui-20170410t194759z-001\pfe_gui\pfe_gui\Form1.h(1923): warning C4244: 'argument' : conversion from 'double' to 'int', possible loss of data
     1>d:\visuelstudio projects\pfe_gui-20170410t194759z-001\pfe_gui\pfe_gui\Form1.h(1935): warning C4018: '<' : signed/unsigned mismatch
     1>d:\visuelstudio projects\pfe_gui-20170410t194759z-001\pfe_gui\pfe_gui\Form1.h(1974): warning C4244: 'argument' : conversion from 'double' to 'int', possible loss of data
     1>d:\visuelstudio projects\pfe_gui-20170410t194759z-001\pfe_gui\pfe_gui\Form1.h(1960): warning C4101: 'j' : unreferenced local variable
     1>d:\visuelstudio projects\pfe_gui-20170410t194759z-001\pfe_gui\pfe_gui\Form1.h(1988): warning C4018: '<' : signed/unsigned mismatch
     1>d:\visuelstudio projects\pfe_gui-20170410t194759z-001\pfe_gui\pfe_gui\Form1.h(1994): warning C4244: 'argument' : conversion from 'double' to 'int', possible loss of data
     1>d:\visuelstudio projects\pfe_gui-20170410t194759z-001\pfe_gui\pfe_gui\Form1.h(2010): warning C4018: '<' : signed/unsigned mismatch
     1>d:\visuelstudio projects\pfe_gui-20170410t194759z-001\pfe_gui\pfe_gui\Form1.h(2020): warning C4018: '<' : signed/unsigned mismatch
     1>d:\visuelstudio projects\pfe_gui-20170410t194759z-001\pfe_gui\pfe_gui\Form1.h(2080): warning C4018: '<' : signed/unsigned mismatch
     1>d:\visuelstudio projects\pfe_gui-20170410t194759z-001\pfe_gui\pfe_gui\Form1.h(2084): warning C4244: 'argument' : conversion from 'double' to 'int', possible loss of data
     1>d:\visuelstudio projects\pfe_gui-20170410t194759z-001\pfe_gui\pfe_gui\Form1.h(2073): warning C4101: 'indF' : unreferenced local variable
     1>d:\visuelstudio projects\pfe_gui-20170410t194759z-001\pfe_gui\pfe_gui\Form1.h(2073): warning C4101: 'indD' : unreferenced local variable
     1>d:\visuelstudio projects\pfe_gui-20170410t194759z-001\pfe_gui\pfe_gui\Form1.h(2111): warning C4244: 'argument' : conversion from 'double' to 'int', possible loss of data
     1>d:\visuelstudio projects\pfe_gui-20170410t194759z-001\pfe_gui\pfe_gui\Form1.h(2337): warning C4101: 'Calcul' : unreferenced local variable
     1>d:\visuelstudio projects\pfe_gui-20170410t194759z-001\pfe_gui\pfe_gui\Form1.h(2460): warning C4101: 'Calcul' : unreferenced local variable
     1>d:\visuelstudio projects\pfe_gui-20170410t194759z-001\pfe_gui\pfe_gui\Form1.h(2519): warning C4101: 'Calcul' : unreferenced local variable
     1>d:\visuelstudio projects\pfe_gui-20170410t194759z-001\pfe_gui\pfe_gui\Form1.h(2592): warning C4018: '<' : signed/unsigned mismatch
     1>d:\visuelstudio projects\pfe_gui-20170410t194759z-001\pfe_gui\pfe_gui\Form1.h(2597): warning C4244: 'argument' : conversion from 'double' to 'int', possible loss of data
     1>d:\visuelstudio projects\pfe_gui-20170410t194759z-001\pfe_gui\pfe_gui\Form1.h(2597): warning C4244: 'argument' : conversion from 'double' to 'int', possible loss of data
     1>d:\visuelstudio projects\pfe_gui-20170410t194759z-001\pfe_gui\pfe_gui\Form1.h(2617): warning C4018: '<' : signed/unsigned mismatch
     1>d:\visuelstudio projects\pfe_gui-20170410t194759z-001\pfe_gui\pfe_gui\Form1.h(2622): warning C4244: 'argument' : conversion from 'double' to 'int', possible loss of data
     1>d:\visuelstudio projects\pfe_gui-20170410t194759z-001\pfe_gui\pfe_gui\Form1.h(2622): warning C4244: 'argument' : conversion from 'double' to 'int', possible loss of data
     1>d:\visuelstudio projects\pfe_gui-20170410t194759z-001\pfe_gui\pfe_gui\Form1.h(2613): warning C4101: 'y_p3' : unreferenced local variable
     1>d:\visuelstudio projects\pfe_gui-20170410t194759z-001\pfe_gui\pfe_gui\Form1.h(2613): warning C4101: 'y_p2' : unreferenced local variable
     1>d:\visuelstudio projects\pfe_gui-20170410t194759z-001\pfe_gui\pfe_gui\Form1.h(2613): warning C4101: 'y_p1' : unreferenced local variable
     1>d:\visuelstudio projects\pfe_gui-20170410t194759z-001\pfe_gui\pfe_gui\Form1.h(2643): warning C4018: '<' : signed/unsigned mismatch
     1>d:\visuelstudio projects\pfe_gui-20170410t194759z-001\pfe_gui\pfe_gui\Form1.h(2648): warning C4244: 'argument' : conversion from 'double' to 'int', possible loss of data
     1>d:\visuelstudio projects\pfe_gui-20170410t194759z-001\pfe_gui\pfe_gui\Form1.h(2648): warning C4244: 'argument' : conversion from 'double' to 'int', possible loss of data
     1>d:\visuelstudio projects\pfe_gui-20170410t194759z-001\pfe_gui\pfe_gui\Form1.h(2682): warning C4101: 'i' : unreferenced local variable
     1>d:\visuelstudio projects\pfe_gui-20170410t194759z-001\pfe_gui\pfe_gui\Form1.h(2810): warning C4018: '<' : signed/unsigned mismatch
     1>d:\visuelstudio projects\pfe_gui-20170410t194759z-001\pfe_gui\pfe_gui\Form1.h(2813): warning C4244: 'initializing' : conversion from 'float' to 'int', possible loss of data
     1>d:\visuelstudio projects\pfe_gui-20170410t194759z-001\pfe_gui\pfe_gui\Form1.h(2814): warning C4244: 'initializing' : conversion from 'float' to 'int', possible loss of data
     1>d:\visuelstudio projects\pfe_gui-20170410t194759z-001\pfe_gui\pfe_gui\Form1.h(2819): warning C4244: '=' : conversion from 'double' to 'int', possible loss of data
     1>d:\visuelstudio projects\pfe_gui-20170410t194759z-001\pfe_gui\pfe_gui\Form1.h(2880): warning C4018: '>=' : signed/unsigned mismatch
     1>d:\visuelstudio projects\pfe_gui-20170410t194759z-001\pfe_gui\pfe_gui\Form1.h(2954): warning C4018: '<' : signed/unsigned mismatch
     1>d:\visuelstudio projects\pfe_gui-20170410t194759z-001\pfe_gui\pfe_gui\Form1.h(2957): warning C4244: 'initializing' : conversion from 'float' to 'int', possible loss of data
     1>d:\visuelstudio projects\pfe_gui-20170410t194759z-001\pfe_gui\pfe_gui\Form1.h(2958): warning C4244: 'initializing' : conversion from 'float' to 'int', possible loss of data
     1>d:\visuelstudio projects\pfe_gui-20170410t194759z-001\pfe_gui\pfe_gui\Form1.h(2964): warning C4244: '=' : conversion from 'double' to 'int', possible loss of data
     1>d:\visuelstudio projects\pfe_gui-20170410t194759z-001\pfe_gui\pfe_gui\Form1.h(2996): warning C4244: 'argument' : conversion from 'double' to 'int', possible loss of data
     1>d:\visuelstudio projects\pfe_gui-20170410t194759z-001\pfe_gui\pfe_gui\Form1.h(3033): warning C4018: '<' : signed/unsigned mismatch
     1>d:\visuelstudio projects\pfe_gui-20170410t194759z-001\pfe_gui\pfe_gui\Form1.h(3120): warning C4244: 'initializing' : conversion from 'int' to 'float', possible loss of data
     1>d:\visuelstudio projects\pfe_gui-20170410t194759z-001\pfe_gui\pfe_gui\Form1.h(3309): warning C4244: '=' : conversion from 'float' to 'int', possible loss of data
     1>d:\visuelstudio projects\pfe_gui-20170410t194759z-001\pfe_gui\pfe_gui\Form1.h(3311): warning C4244: '=' : conversion from 'float' to 'int', possible loss of data
     1>d:\visuelstudio projects\pfe_gui-20170410t194759z-001\pfe_gui\pfe_gui\Form1.h(3318): warning C4244: '=' : conversion from 'double' to 'int', possible loss of data
     1>d:\visuelstudio projects\pfe_gui-20170410t194759z-001\pfe_gui\pfe_gui\Form1.h(3319): warning C4244: '=' : conversion from 'double' to 'int', possible loss of data
     1>d:\visuelstudio projects\pfe_gui-20170410t194759z-001\pfe_gui\pfe_gui\Form1.h(3469): warning C4244: 'initializing' : conversion from 'double' to 'int', possible loss of data
     1>d:\visuelstudio projects\pfe_gui-20170410t194759z-001\pfe_gui\pfe_gui\Form1.h(3473): warning C4018: '<' : signed/unsigned mismatch
     1>d:\visuelstudio projects\pfe_gui-20170410t194759z-001\pfe_gui\pfe_gui\Form1.h(3479): warning C4244: 'argument' : conversion from 'double' to 'int', possible loss of data
     1>d:\visuelstudio projects\pfe_gui-20170410t194759z-001\pfe_gui\pfe_gui\Form1.h(3482): warning C4244: '=' : conversion from 'double' to 'int', possible loss of data
     1>d:\visuelstudio projects\pfe_gui-20170410t194759z-001\pfe_gui\pfe_gui\Form1.h(3489): warning C4018: '<' : signed/unsigned mismatch
     1>d:\visuelstudio projects\pfe_gui-20170410t194759z-001\pfe_gui\pfe_gui\Form1.h(3492): warning C4018: '<' : signed/unsigned mismatch
     1>d:\visuelstudio projects\pfe_gui-20170410t194759z-001\pfe_gui\pfe_gui\Form1.h(3465): warning C4101: 'y_p3' : unreferenced local variable
     1>d:\visuelstudio projects\pfe_gui-20170410t194759z-001\pfe_gui\pfe_gui\Form1.h(3465): warning C4101: 'y_p2' : unreferenced local variable
     1>d:\visuelstudio projects\pfe_gui-20170410t194759z-001\pfe_gui\pfe_gui\Form1.h(3465): warning C4101: 'y_p1' : unreferenced local variable
     1>d:\visuelstudio projects\pfe_gui-20170410t194759z-001\pfe_gui\pfe_gui\Form1.h(3523): warning C4244: 'initializing' : conversion from 'double' to 'int', possible loss of data
     1>d:\visuelstudio projects\pfe_gui-20170410t194759z-001\pfe_gui\pfe_gui\Form1.h(3527): warning C4018: '<' : signed/unsigned mismatch
     1>d:\visuelstudio projects\pfe_gui-20170410t194759z-001\pfe_gui\pfe_gui\Form1.h(3533): warning C4244: 'argument' : conversion from 'double' to 'int', possible loss of data
     1>d:\visuelstudio projects\pfe_gui-20170410t194759z-001\pfe_gui\pfe_gui\Form1.h(3536): warning C4244: '=' : conversion from 'double' to 'int', possible loss of data
     1>d:\visuelstudio projects\pfe_gui-20170410t194759z-001\pfe_gui\pfe_gui\Form1.h(3543): warning C4018: '<' : signed/unsigned mismatch
     1>d:\visuelstudio projects\pfe_gui-20170410t194759z-001\pfe_gui\pfe_gui\Form1.h(3519): warning C4101: 'y_p3' : unreferenced local variable
     1>d:\visuelstudio projects\pfe_gui-20170410t194759z-001\pfe_gui\pfe_gui\Form1.h(3519): warning C4101: 'y_p2' : unreferenced local variable
     1>d:\visuelstudio projects\pfe_gui-20170410t194759z-001\pfe_gui\pfe_gui\Form1.h(3519): warning C4101: 'y_p1' : unreferenced local variable
     1>d:\visuelstudio projects\pfe_gui-20170410t194759z-001\pfe_gui\pfe_gui\Form1.h(3569): warning C4244: 'argument' : conversion from 'time_t' to 'unsigned int', possible loss of data
     1>d:\visuelstudio projects\pfe_gui-20170410t194759z-001\pfe_gui\pfe_gui\Form1.h(3702): warning C4244: 'argument' : conversion from 'time_t' to 'unsigned int', possible loss of data
         pfe_gui.cpp
     1>c:\opencv249_openni\opencv\build\include\opencv2\flann\logger.h(66): warning C4996: 'fopen': This function or variable may be unsafe. Consider using fopen_s instead. To disable deprecation, use _CRT_SECURE_NO_WARNINGS. See online help for details.
                 C:\Program Files (x86)\Microsoft Visual Studio 10.0\VC\include\stdio.h(234) : see declaration of 'fopen'
     1>d:\visuelstudio projects\pfe_gui-20170410t194759z-001\pfe_gui\pfe_gui\Form1.h(371): warning C4018: '<' : signed/unsigned mismatch
     1>d:\visuelstudio projects\pfe_gui-20170410t194759z-001\pfe_gui\pfe_gui\Form1.h(386): warning C4244: 'argument' : conversion from 'double' to 'int', possible loss of data
     1>d:\visuelstudio projects\pfe_gui-20170410t194759z-001\pfe_gui\pfe_gui\Form1.h(386): warning C4244: 'argument' : conversion from 'double' to 'int', possible loss of data
     1>d:\visuelstudio projects\pfe_gui-20170410t194759z-001\pfe_gui\pfe_gui\Form1.h(387): warning C4244: 'argument' : conversion from 'double' to 'int', possible loss of data
     1>d:\visuelstudio projects\pfe_gui-20170410t194759z-001\pfe_gui\pfe_gui\Form1.h(387): warning C4244: 'argument' : conversion from 'double' to 'int', possible loss of data
     1>d:\visuelstudio projects\pfe_gui-20170410t194759z-001\pfe_gui\pfe_gui\Form1.h(432): warning C4018: '<' : signed/unsigned mismatch
     1>d:\visuelstudio projects\pfe_gui-20170410t194759z-001\pfe_gui\pfe_gui\Form1.h(442): warning C4018: '<' : signed/unsigned mismatch
     1>d:\visuelstudio projects\pfe_gui-20170410t194759z-001\pfe_gui\pfe_gui\Form1.h(455): warning C4018: '<' : signed/unsigned mismatch
     1>d:\visuelstudio projects\pfe_gui-20170410t194759z-001\pfe_gui\pfe_gui\Form1.h(501): warning C4018: '<' : signed/unsigned mismatch
     1>d:\visuelstudio projects\pfe_gui-20170410t194759z-001\pfe_gui\pfe_gui\Form1.h(514): warning C4018: '<' : signed/unsigned mismatch
     1>d:\visuelstudio projects\pfe_gui-20170410t194759z-001\pfe_gui\pfe_gui\Form1.h(710): warning C4244: '=' : conversion from 'unsigned long' to 'uchar', possible loss of data
     1>d:\visuelstudio projects\pfe_gui-20170410t194759z-001\pfe_gui\pfe_gui\Form1.h(980): warning C4018: '<' : signed/unsigned mismatch
     1>d:\visuelstudio projects\pfe_gui-20170410t194759z-001\pfe_gui\pfe_gui\Form1.h(991): warning C4018: '<' : signed/unsigned mismatch
     1>d:\visuelstudio projects\pfe_gui-20170410t194759z-001\pfe_gui\pfe_gui\Form1.h(1033): warning C4244: '=' : conversion from 'double' to 'float', possible loss of data
     1>d:\visuelstudio projects\pfe_gui-20170410t194759z-001\pfe_gui\pfe_gui\Form1.h(1044): warning C4244: '=' : conversion from 'double' to 'float', possible loss of data
     1>d:\visuelstudio projects\pfe_gui-20170410t194759z-001\pfe_gui\pfe_gui\Form1.h(1050): warning C4244: '=' : conversion from 'double' to 'float', possible loss of data
     1>d:\visuelstudio projects\pfe_gui-20170410t194759z-001\pfe_gui\pfe_gui\Form1.h(1068): warning C4018: '<' : signed/unsigned mismatch
     1>d:\visuelstudio projects\pfe_gui-20170410t194759z-001\pfe_gui\pfe_gui\Form1.h(1073): warning C4244: '=' : conversion from 'double' to 'float', possible loss of data
     1>d:\visuelstudio projects\pfe_gui-20170410t194759z-001\pfe_gui\pfe_gui\Form1.h(1112): warning C4244: 'argument' : conversion from 'double' to 'float', possible loss of data
     1>d:\visuelstudio projects\pfe_gui-20170410t194759z-001\pfe_gui\pfe_gui\Form1.h(1113): warning C4244: 'argument' : conversion from 'double' to 'int', possible loss of data
     1>d:\visuelstudio projects\pfe_gui-20170410t194759z-001\pfe_gui\pfe_gui\Form1.h(1194): warning C4018: '<' : signed/unsigned mismatch
     1>d:\visuelstudio projects\pfe_gui-20170410t194759z-001\pfe_gui\pfe_gui\Form1.h(1229): warning C4018: '<' : signed/unsigned mismatch
     1>d:\visuelstudio projects\pfe_gui-20170410t194759z-001\pfe_gui\pfe_gui\Form1.h(1252): warning C4018: '<' : signed/unsigned mismatch
     1>d:\visuelstudio projects\pfe_gui-20170410t194759z-001\pfe_gui\pfe_gui\Form1.h(1283): warning C4018: '<' : signed/unsigned mismatch
     1>d:\visuelstudio projects\pfe_gui-20170410t194759z-001\pfe_gui\pfe_gui\Form1.h(1343): warning C4244: '=' : conversion from 'double' to 'float', possible loss of data
     1>d:\visuelstudio projects\pfe_gui-20170410t194759z-001\pfe_gui\pfe_gui\Form1.h(1350): warning C4244: '=' : conversion from 'double' to 'float', possible loss of data
     1>d:\visuelstudio projects\pfe_gui-20170410t194759z-001\pfe_gui\pfe_gui\Form1.h(1659): warning C4244: '=' : conversion from 'double' to 'int', possible loss of data
     1>d:\visuelstudio projects\pfe_gui-20170410t194759z-001\pfe_gui\pfe_gui\Form1.h(1660): warning C4244: '=' : conversion from 'double' to 'int', possible loss of data
     1>d:\visuelstudio projects\pfe_gui-20170410t194759z-001\pfe_gui\pfe_gui\Form1.h(1661): warning C4244: '=' : conversion from 'double' to 'int', possible loss of data
     1>d:\visuelstudio projects\pfe_gui-20170410t194759z-001\pfe_gui\pfe_gui\Form1.h(1662): warning C4244: '=' : conversion from 'double' to 'int', possible loss of data
     1>d:\visuelstudio projects\pfe_gui-20170410t194759z-001\pfe_gui\pfe_gui\Form1.h(1663): warning C4244: '=' : conversion from 'double' to 'int', possible loss of data
     1>d:\visuelstudio projects\pfe_gui-20170410t194759z-001\pfe_gui\pfe_gui\Form1.h(1664): warning C4244: '=' : conversion from 'double' to 'int', possible loss of data
     1>d:\visuelstudio projects\pfe_gui-20170410t194759z-001\pfe_gui\pfe_gui\Form1.h(1665): warning C4244: '=' : conversion from 'double' to 'int', possible loss of data
     1>d:\visuelstudio projects\pfe_gui-20170410t194759z-001\pfe_gui\pfe_gui\Form1.h(1666): warning C4244: '=' : conversion from 'double' to 'int', possible loss of data
     1>d:\visuelstudio projects\pfe_gui-20170410t194759z-001\pfe_gui\pfe_gui\Form1.h(1667): warning C4244: '=' : conversion from 'double' to 'int', possible loss of data
     1>d:\visuelstudio projects\pfe_gui-20170410t194759z-001\pfe_gui\pfe_gui\Form1.h(1668): warning C4244: '=' : conversion from 'double' to 'int', possible loss of data
     1>d:\visuelstudio projects\pfe_gui-20170410t194759z-001\pfe_gui\pfe_gui\Form1.h(1670): warning C4244: '=' : conversion from 'double' to 'int', possible loss of data
     1>d:\visuelstudio projects\pfe_gui-20170410t194759z-001\pfe_gui\pfe_gui\Form1.h(1677): warning C4244: '=' : conversion from 'double' to 'int', possible loss of data
     1>d:\visuelstudio projects\pfe_gui-20170410t194759z-001\pfe_gui\pfe_gui\Form1.h(1685): warning C4244: '=' : conversion from 'double' to 'int', possible loss of data
     1>d:\visuelstudio projects\pfe_gui-20170410t194759z-001\pfe_gui\pfe_gui\Form1.h(1694): warning C4244: '=' : conversion from 'double' to 'int', possible loss of data
     1>d:\visuelstudio projects\pfe_gui-20170410t194759z-001\pfe_gui\pfe_gui\Form1.h(1714): warning C4018: '<' : signed/unsigned mismatch
     1>d:\visuelstudio projects\pfe_gui-20170410t194759z-001\pfe_gui\pfe_gui\Form1.h(1752): warning C4244: 'argument' : conversion from 'double' to 'float', possible loss of data
     1>d:\visuelstudio projects\pfe_gui-20170410t194759z-001\pfe_gui\pfe_gui\Form1.h(1752): warning C4244: 'argument' : conversion from 'double' to 'float', possible loss of data
     1>d:\visuelstudio projects\pfe_gui-20170410t194759z-001\pfe_gui\pfe_gui\Form1.h(1917): warning C4018: '<' : signed/unsigned mismatch
     1>d:\visuelstudio projects\pfe_gui-20170410t194759z-001\pfe_gui\pfe_gui\Form1.h(1923): warning C4244: 'argument' : conversion from 'double' to 'int', possible loss of data
     1>d:\visuelstudio projects\pfe_gui-20170410t194759z-001\pfe_gui\pfe_gui\Form1.h(1935): warning C4018: '<' : signed/unsigned mismatch
     1>d:\visuelstudio projects\pfe_gui-20170410t194759z-001\pfe_gui\pfe_gui\Form1.h(1974): warning C4244: 'argument' : conversion from 'double' to 'int', possible loss of data
     1>d:\visuelstudio projects\pfe_gui-20170410t194759z-001\pfe_gui\pfe_gui\Form1.h(1960): warning C4101: 'j' : unreferenced local variable
     1>d:\visuelstudio projects\pfe_gui-20170410t194759z-001\pfe_gui\pfe_gui\Form1.h(1988): warning C4018: '<' : signed/unsigned mismatch
     1>d:\visuelstudio projects\pfe_gui-20170410t194759z-001\pfe_gui\pfe_gui\Form1.h(1994): warning C4244: 'argument' : conversion from 'double' to 'int', possible loss of data
     1>d:\visuelstudio projects\pfe_gui-20170410t194759z-001\pfe_gui\pfe_gui\Form1.h(2010): warning C4018: '<' : signed/unsigned mismatch
     1>d:\visuelstudio projects\pfe_gui-20170410t194759z-001\pfe_gui\pfe_gui\Form1.h(2020): warning C4018: '<' : signed/unsigned mismatch
     1>d:\visuelstudio projects\pfe_gui-20170410t194759z-001\pfe_gui\pfe_gui\Form1.h(2080): warning C4018: '<' : signed/unsigned mismatch
     1>d:\visuelstudio projects\pfe_gui-20170410t194759z-001\pfe_gui\pfe_gui\Form1.h(2084): warning C4244: 'argument' : conversion from 'double' to 'int', possible loss of data
     1>d:\visuelstudio projects\pfe_gui-20170410t194759z-001\pfe_gui\pfe_gui\Form1.h(2073): warning C4101: 'indF' : unreferenced local variable
     1>d:\visuelstudio projects\pfe_gui-20170410t194759z-001\pfe_gui\pfe_gui\Form1.h(2073): warning C4101: 'indD' : unreferenced local variable
     1>d:\visuelstudio projects\pfe_gui-20170410t194759z-001\pfe_gui\pfe_gui\Form1.h(2111): warning C4244: 'argument' : conversion from 'double' to 'int', possible loss of data
     1>d:\visuelstudio projects\pfe_gui-20170410t194759z-001\pfe_gui\pfe_gui\Form1.h(2337): warning C4101: 'Calcul' : unreferenced local variable
     1>d:\visuelstudio projects\pfe_gui-20170410t194759z-001\pfe_gui\pfe_gui\Form1.h(2460): warning C4101: 'Calcul' : unreferenced local variable
     1>d:\visuelstudio projects\pfe_gui-20170410t194759z-001\pfe_gui\pfe_gui\Form1.h(2519): warning C4101: 'Calcul' : unreferenced local variable
     1>d:\visuelstudio projects\pfe_gui-20170410t194759z-001\pfe_gui\pfe_gui\Form1.h(2592): warning C4018: '<' : signed/unsigned mismatch
     1>d:\visuelstudio projects\pfe_gui-20170410t194759z-001\pfe_gui\pfe_gui\Form1.h(2597): warning C4244: 'argument' : conversion from 'double' to 'int', possible loss of data
     1>d:\visuelstudio projects\pfe_gui-20170410t194759z-001\pfe_gui\pfe_gui\Form1.h(2597): warning C4244: 'argument' : conversion from 'double' to 'int', possible loss of data
     1>d:\visuelstudio projects\pfe_gui-20170410t194759z-001\pfe_gui\pfe_gui\Form1.h(2617): warning C4018: '<' : signed/unsigned mismatch
     1>d:\visuelstudio projects\pfe_gui-20170410t194759z-001\pfe_gui\pfe_gui\Form1.h(2622): warning C4244: 'argument' : conversion from 'double' to 'int', possible loss of data
     1>d:\visuelstudio projects\pfe_gui-20170410t194759z-001\pfe_gui\pfe_gui\Form1.h(2622): warning C4244: 'argument' : conversion from 'double' to 'int', possible loss of data
     1>d:\visuelstudio projects\pfe_gui-20170410t194759z-001\pfe_gui\pfe_gui\Form1.h(2613): warning C4101: 'y_p3' : unreferenced local variable
     1>d:\visuelstudio projects\pfe_gui-20170410t194759z-001\pfe_gui\pfe_gui\Form1.h(2613): warning C4101: 'y_p2' : unreferenced local variable
     1>d:\visuelstudio projects\pfe_gui-20170410t194759z-001\pfe_gui\pfe_gui\Form1.h(2613): warning C4101: 'y_p1' : unreferenced local variable
     1>d:\visuelstudio projects\pfe_gui-20170410t194759z-001\pfe_gui\pfe_gui\Form1.h(2643): warning C4018: '<' : signed/unsigned mismatch
     1>d:\visuelstudio projects\pfe_gui-20170410t194759z-001\pfe_gui\pfe_gui\Form1.h(2648): warning C4244: 'argument' : conversion from 'double' to 'int', possible loss of data
     1>d:\visuelstudio projects\pfe_gui-20170410t194759z-001\pfe_gui\pfe_gui\Form1.h(2648): warning C4244: 'argument' : conversion from 'double' to 'int', possible loss of data
     1>d:\visuelstudio projects\pfe_gui-20170410t194759z-001\pfe_gui\pfe_gui\Form1.h(2682): warning C4101: 'i' : unreferenced local variable
     1>d:\visuelstudio projects\pfe_gui-20170410t194759z-001\pfe_gui\pfe_gui\Form1.h(2810): warning C4018: '<' : signed/unsigned mismatch
     1>d:\visuelstudio projects\pfe_gui-20170410t194759z-001\pfe_gui\pfe_gui\Form1.h(2813): warning C4244: 'initializing' : conversion from 'float' to 'int', possible loss of data
     1>d:\visuelstudio projects\pfe_gui-20170410t194759z-001\pfe_gui\pfe_gui\Form1.h(2814): warning C4244: 'initializing' : conversion from 'float' to 'int', possible loss of data
     1>d:\visuelstudio projects\pfe_gui-20170410t194759z-001\pfe_gui\pfe_gui\Form1.h(2819): warning C4244: '=' : conversion from 'double' to 'int', possible loss of data
     1>d:\visuelstudio projects\pfe_gui-20170410t194759z-001\pfe_gui\pfe_gui\Form1.h(2880): warning C4018: '>=' : signed/unsigned mismatch
     1>d:\visuelstudio projects\pfe_gui-20170410t194759z-001\pfe_gui\pfe_gui\Form1.h(2954): warning C4018: '<' : signed/unsigned mismatch
     1>d:\visuelstudio projects\pfe_gui-20170410t194759z-001\pfe_gui\pfe_gui\Form1.h(2957): warning C4244: 'initializing' : conversion from 'float' to 'int', possible loss of data
     1>d:\visuelstudio projects\pfe_gui-20170410t194759z-001\pfe_gui\pfe_gui\Form1.h(2958): warning C4244: 'initializing' : conversion from 'float' to 'int', possible loss of data
     1>d:\visuelstudio projects\pfe_gui-20170410t194759z-001\pfe_gui\pfe_gui\Form1.h(2964): warning C4244: '=' : conversion from 'double' to 'int', possible loss of data
     1>d:\visuelstudio projects\pfe_gui-20170410t194759z-001\pfe_gui\pfe_gui\Form1.h(2996): warning C4244: 'argument' : conversion from 'double' to 'int', possible loss of data
     1>d:\visuelstudio projects\pfe_gui-20170410t194759z-001\pfe_gui\pfe_gui\Form1.h(3033): warning C4018: '<' : signed/unsigned mismatch
     1>d:\visuelstudio projects\pfe_gui-20170410t194759z-001\pfe_gui\pfe_gui\Form1.h(3120): warning C4244: 'initializing' : conversion from 'int' to 'float', possible loss of data
     1>d:\visuelstudio projects\pfe_gui-20170410t194759z-001\pfe_gui\pfe_gui\Form1.h(3309): warning C4244: '=' : conversion from 'float' to 'int', possible loss of data
     1>d:\visuelstudio projects\pfe_gui-20170410t194759z-001\pfe_gui\pfe_gui\Form1.h(3311): warning C4244: '=' : conversion from 'float' to 'int', possible loss of data
     1>d:\visuelstudio projects\pfe_gui-20170410t194759z-001\pfe_gui\pfe_gui\Form1.h(3318): warning C4244: '=' : conversion from 'double' to 'int', possible loss of data
     1>d:\visuelstudio projects\pfe_gui-20170410t194759z-001\pfe_gui\pfe_gui\Form1.h(3319): warning C4244: '=' : conversion from 'double' to 'int', possible loss of data
     1>d:\visuelstudio projects\pfe_gui-20170410t194759z-001\pfe_gui\pfe_gui\Form1.h(3469): warning C4244: 'initializing' : conversion from 'double' to 'int', possible loss of data
     1>d:\visuelstudio projects\pfe_gui-20170410t194759z-001\pfe_gui\pfe_gui\Form1.h(3473): warning C4018: '<' : signed/unsigned mismatch
     1>d:\visuelstudio projects\pfe_gui-20170410t194759z-001\pfe_gui\pfe_gui\Form1.h(3479): warning C4244: 'argument' : conversion from 'double' to 'int', possible loss of data
     1>d:\visuelstudio projects\pfe_gui-20170410t194759z-001\pfe_gui\pfe_gui\Form1.h(3482): warning C4244: '=' : conversion from 'double' to 'int', possible loss of data
     1>d:\visuelstudio projects\pfe_gui-20170410t194759z-001\pfe_gui\pfe_gui\Form1.h(3489): warning C4018: '<' : signed/unsigned mismatch
     1>d:\visuelstudio projects\pfe_gui-20170410t194759z-001\pfe_gui\pfe_gui\Form1.h(3492): warning C4018: '<' : signed/unsigned mismatch
     1>d:\visuelstudio projects\pfe_gui-20170410t194759z-001\pfe_gui\pfe_gui\Form1.h(3465): warning C4101: 'y_p3' : unreferenced local variable
     1>d:\visuelstudio projects\pfe_gui-20170410t194759z-001\pfe_gui\pfe_gui\Form1.h(3465): warning C4101: 'y_p2' : unreferenced local variable
     1>d:\visuelstudio projects\pfe_gui-20170410t194759z-001\pfe_gui\pfe_gui\Form1.h(3465): warning C4101: 'y_p1' : unreferenced local variable
     1>d:\visuelstudio projects\pfe_gui-20170410t194759z-001\pfe_gui\pfe_gui\Form1.h(3523): warning C4244: 'initializing' : conversion from 'double' to 'int', possible loss of data
     1>d:\visuelstudio projects\pfe_gui-20170410t194759z-001\pfe_gui\pfe_gui\Form1.h(3527): warning C4018: '<' : signed/unsigned mismatch
     1>d:\visuelstudio projects\pfe_gui-20170410t194759z-001\pfe_gui\pfe_gui\Form1.h(3533): warning C4244: 'argument' : conversion from 'double' to 'int', possible loss of data
     1>d:\visuelstudio projects\pfe_gui-20170410t194759z-001\pfe_gui\pfe_gui\Form1.h(3536): warning C4244: '=' : conversion from 'double' to 'int', possible loss of data
     1>d:\visuelstudio projects\pfe_gui-20170410t194759z-001\pfe_gui\pfe_gui\Form1.h(3543): warning C4018: '<' : signed/unsigned mismatch
     1>d:\visuelstudio projects\pfe_gui-20170410t194759z-001\pfe_gui\pfe_gui\Form1.h(3519): warning C4101: 'y_p3' : unreferenced local variable
     1>d:\visuelstudio projects\pfe_gui-20170410t194759z-001\pfe_gui\pfe_gui\Form1.h(3519): warning C4101: 'y_p2' : unreferenced local variable
     1>d:\visuelstudio projects\pfe_gui-20170410t194759z-001\pfe_gui\pfe_gui\Form1.h(3519): warning C4101: 'y_p1' : unreferenced local variable
     1>d:\visuelstudio projects\pfe_gui-20170410t194759z-001\pfe_gui\pfe_gui\Form1.h(3569): warning C4244: 'argument' : conversion from 'time_t' to 'unsigned int', possible loss of data
     1>d:\visuelstudio projects\pfe_gui-20170410t194759z-001\pfe_gui\pfe_gui\Form1.h(3702): warning C4244: 'argument' : conversion from 'time_t' to 'unsigned int', possible loss of data
     1>d:\visuelstudio projects\pfe_gui-20170410t194759z-001\pfe_gui\pfe_gui\simul.h(260): warning C4018: '<' : signed/unsigned mismatch
     1>d:\visuelstudio projects\pfe_gui-20170410t194759z-001\pfe_gui\pfe_gui\simul.h(275): warning C4244: 'argument' : conversion from 'double' to 'int', possible loss of data
     1>d:\visuelstudio projects\pfe_gui-20170410t194759z-001\pfe_gui\pfe_gui\simul.h(275): warning C4244: 'argument' : conversion from 'double' to 'int', possible loss of data
     1>d:\visuelstudio projects\pfe_gui-20170410t194759z-001\pfe_gui\pfe_gui\simul.h(276): warning C4244: 'argument' : conversion from 'double' to 'int', possible loss of data
     1>d:\visuelstudio projects\pfe_gui-20170410t194759z-001\pfe_gui\pfe_gui\simul.h(276): warning C4244: 'argument' : conversion from 'double' to 'int', possible loss of data
     1>d:\visuelstudio projects\pfe_gui-20170410t194759z-001\pfe_gui\pfe_gui\simul.h(321): warning C4018: '<' : signed/unsigned mismatch
     1>d:\visuelstudio projects\pfe_gui-20170410t194759z-001\pfe_gui\pfe_gui\simul.h(331): warning C4018: '<' : signed/unsigned mismatch
     1>d:\visuelstudio projects\pfe_gui-20170410t194759z-001\pfe_gui\pfe_gui\simul.h(344): warning C4018: '<' : signed/unsigned mismatch
     1>d:\visuelstudio projects\pfe_gui-20170410t194759z-001\pfe_gui\pfe_gui\simul.h(389): warning C4018: '<' : signed/unsigned mismatch
     1>d:\visuelstudio projects\pfe_gui-20170410t194759z-001\pfe_gui\pfe_gui\simul.h(402): warning C4018: '<' : signed/unsigned mismatch
     1>d:\visuelstudio projects\pfe_gui-20170410t194759z-001\pfe_gui\pfe_gui\simul.h(589): warning C4244: '=' : conversion from 'unsigned long' to 'uchar', possible loss of data
     1>d:\visuelstudio projects\pfe_gui-20170410t194759z-001\pfe_gui\pfe_gui\simul.h(904): warning C4018: '<' : signed/unsigned mismatch
     1>d:\visuelstudio projects\pfe_gui-20170410t194759z-001\pfe_gui\pfe_gui\simul.h(942): warning C4244: 'argument' : conversion from 'double' to 'float', possible loss of data
     1>d:\visuelstudio projects\pfe_gui-20170410t194759z-001\pfe_gui\pfe_gui\simul.h(942): warning C4244: 'argument' : conversion from 'double' to 'float', possible loss of data
     1>d:\visuelstudio projects\pfe_gui-20170410t194759z-001\pfe_gui\pfe_gui\simul.h(970): warning C4018: '<' : signed/unsigned mismatch
     1>d:\visuelstudio projects\pfe_gui-20170410t194759z-001\pfe_gui\pfe_gui\simul.h(1011): warning C4018: '>=' : signed/unsigned mismatch
     1>d:\visuelstudio projects\pfe_gui-20170410t194759z-001\pfe_gui\pfe_gui\simul.h(1172): warning C4101: 'Calcul' : unreferenced local variable
     1>d:\visuelstudio projects\pfe_gui-20170410t194759z-001\pfe_gui\pfe_gui\simul.h(1294): warning C4101: 'Calcul' : unreferenced local variable
     1>d:\visuelstudio projects\pfe_gui-20170410t194759z-001\pfe_gui\pfe_gui\simul.h(1353): warning C4101: 'Calcul' : unreferenced local variable
     1>d:\visuelstudio projects\pfe_gui-20170410t194759z-001\pfe_gui\pfe_gui\simul.h(1426): warning C4018: '<' : signed/unsigned mismatch
     1>d:\visuelstudio projects\pfe_gui-20170410t194759z-001\pfe_gui\pfe_gui\simul.h(1431): warning C4244: 'argument' : conversion from 'double' to 'int', possible loss of data
     1>d:\visuelstudio projects\pfe_gui-20170410t194759z-001\pfe_gui\pfe_gui\simul.h(1431): warning C4244: 'argument' : conversion from 'double' to 'int', possible loss of data
     1>d:\visuelstudio projects\pfe_gui-20170410t194759z-001\pfe_gui\pfe_gui\simul.h(1451): warning C4018: '<' : signed/unsigned mismatch
     1>d:\visuelstudio projects\pfe_gui-20170410t194759z-001\pfe_gui\pfe_gui\simul.h(1456): warning C4244: 'argument' : conversion from 'double' to 'int', possible loss of data
     1>d:\visuelstudio projects\pfe_gui-20170410t194759z-001\pfe_gui\pfe_gui\simul.h(1456): warning C4244: 'argument' : conversion from 'double' to 'int', possible loss of data
     1>d:\visuelstudio projects\pfe_gui-20170410t194759z-001\pfe_gui\pfe_gui\simul.h(1447): warning C4101: 'y_p3' : unreferenced local variable
     1>d:\visuelstudio projects\pfe_gui-20170410t194759z-001\pfe_gui\pfe_gui\simul.h(1447): warning C4101: 'y_p2' : unreferenced local variable
     1>d:\visuelstudio projects\pfe_gui-20170410t194759z-001\pfe_gui\pfe_gui\simul.h(1447): warning C4101: 'y_p1' : unreferenced local variable
     1>d:\visuelstudio projects\pfe_gui-20170410t194759z-001\pfe_gui\pfe_gui\simul.h(1477): warning C4018: '<' : signed/unsigned mismatch
     1>d:\visuelstudio projects\pfe_gui-20170410t194759z-001\pfe_gui\pfe_gui\simul.h(1482): warning C4244: 'argument' : conversion from 'double' to 'int', possible loss of data
     1>d:\visuelstudio projects\pfe_gui-20170410t194759z-001\pfe_gui\pfe_gui\simul.h(1482): warning C4244: 'argument' : conversion from 'double' to 'int', possible loss of data
     1>d:\visuelstudio projects\pfe_gui-20170410t194759z-001\pfe_gui\pfe_gui\simul.h(1516): warning C4101: 'i' : unreferenced local variable
     1>d:\visuelstudio projects\pfe_gui-20170410t194759z-001\pfe_gui\pfe_gui\simul.h(1659): warning C4018: '<' : signed/unsigned mismatch
     1>d:\visuelstudio projects\pfe_gui-20170410t194759z-001\pfe_gui\pfe_gui\simul.h(1662): warning C4244: 'initializing' : conversion from 'float' to 'int', possible loss of data
     1>d:\visuelstudio projects\pfe_gui-20170410t194759z-001\pfe_gui\pfe_gui\simul.h(1663): warning C4244: 'initializing' : conversion from 'float' to 'int', possible loss of data
     1>d:\visuelstudio projects\pfe_gui-20170410t194759z-001\pfe_gui\pfe_gui\simul.h(1668): warning C4244: '=' : conversion from 'double' to 'int', possible loss of data
     1>d:\visuelstudio projects\pfe_gui-20170410t194759z-001\pfe_gui\pfe_gui\simul.h(1713): warning C4018: '<' : signed/unsigned mismatch
     1>d:\visuelstudio projects\pfe_gui-20170410t194759z-001\pfe_gui\pfe_gui\simul.h(1716): warning C4244: 'initializing' : conversion from 'float' to 'int', possible loss of data
     1>d:\visuelstudio projects\pfe_gui-20170410t194759z-001\pfe_gui\pfe_gui\simul.h(1717): warning C4244: 'initializing' : conversion from 'float' to 'int', possible loss of data
     1>d:\visuelstudio projects\pfe_gui-20170410t194759z-001\pfe_gui\pfe_gui\simul.h(1723): warning C4244: '=' : conversion from 'double' to 'int', possible loss of data
     1>d:\visuelstudio projects\pfe_gui-20170410t194759z-001\pfe_gui\pfe_gui\simul.h(1818): warning C4244: 'argument' : conversion from 'double' to 'int', possible loss of data
     1>d:\visuelstudio projects\pfe_gui-20170410t194759z-001\pfe_gui\pfe_gui\simul.h(1959): warning C4018: '<' : signed/unsigned mismatch
     1>d:\visuelstudio projects\pfe_gui-20170410t194759z-001\pfe_gui\pfe_gui\simul.h(2046): warning C4244: 'initializing' : conversion from 'int' to 'float', possible loss of data
     1>d:\visuelstudio projects\pfe_gui-20170410t194759z-001\pfe_gui\pfe_gui\simul.h(2235): warning C4244: '=' : conversion from 'float' to 'int', possible loss of data
     1>d:\visuelstudio projects\pfe_gui-20170410t194759z-001\pfe_gui\pfe_gui\simul.h(2237): warning C4244: '=' : conversion from 'float' to 'int', possible loss of data
     1>d:\visuelstudio projects\pfe_gui-20170410t194759z-001\pfe_gui\pfe_gui\simul.h(2244): warning C4244: '=' : conversion from 'double' to 'int', possible loss of data
     1>d:\visuelstudio projects\pfe_gui-20170410t194759z-001\pfe_gui\pfe_gui\simul.h(2245): warning C4244: '=' : conversion from 'double' to 'int', possible loss of data
     1>d:\visuelstudio projects\pfe_gui-20170410t194759z-001\pfe_gui\pfe_gui\simul.h(2317): warning C4244: 'argument' : conversion from 'double' to 'int', possible loss of data
     1>d:\visuelstudio projects\pfe_gui-20170410t194759z-001\pfe_gui\pfe_gui\simul.h(2661): warning C4244: 'argument' : conversion from 'time_t' to 'unsigned int', possible loss of data
         Generating Code...
     1>c:\opencv249_openni\opencv\build\include\opencv2\core\types_c.h(315): warning C4793: 'cvRound' : function compiled as native :
         	Inline native assembly not supported in managed code
     1>d:\visuelstudio projects\pfe_gui-20170410t194759z-001\pfe_gui\pfe_gui\form1.h(1216): warning C4715: 'pfe_gui::Form1::concave_convexe' : not all control paths return a value
     1>d:\visuelstudio projects\pfe_gui-20170410t194759z-001\pfe_gui\pfe_gui\simul.h(862): warning C4715: 'pfe_gui::simul::concave_convexe' : not all control paths return a value
     1>d:\visuelstudio projects\pfe_gui-20170410t194759z-001\pfe_gui\pfe_gui\form1.h(938): warning C4715: 'pfe_gui::Form1::if_concave_convexe' : not all control paths return a value
     1>c:\opencv249_openni\opencv\build\include\opencv2\core\types_c.h(315): warning C4793: 'cvRound' : function compiled as native :
         	Inline native assembly not supported in managed code
     1>d:\visuelstudio projects\pfe_gui-20170410t194759z-001\pfe_gui\pfe_gui\simul.h(862): warning C4715: 'pfe_gui::simul::concave_convexe' : not all control paths return a value
     1>d:\visuelstudio projects\pfe_gui-20170410t194759z-001\pfe_gui\pfe_gui\form1.h(1216): warning C4715: 'pfe_gui::Form1::concave_convexe' : not all control paths return a value
     1>d:\visuelstudio projects\pfe_gui-20170410t194759z-001\pfe_gui\pfe_gui\form1.h(938): warning C4715: 'pfe_gui::Form1::if_concave_convexe' : not all control paths return a value
     1>c:\opencv249_openni\opencv\build\include\opencv2\core\types_c.h(315): warning C4793: 'cvRound' : function compiled as native :
         	Inline native assembly not supported in managed code
     1>d:\visuelstudio projects\pfe_gui-20170410t194759z-001\pfe_gui\pfe_gui\simul.h(862): warning C4715: 'pfe_gui::simul::concave_convexe' : not all control paths return a value
     1>d:\visuelstudio projects\pfe_gui-20170410t194759z-001\pfe_gui\pfe_gui\form1.h(1216): warning C4715: 'pfe_gui::Form1::concave_convexe' : not all control paths return a value
     1>d:\visuelstudio projects\pfe_gui-20170410t194759z-001\pfe_gui\pfe_gui\form1.h(938): warning C4715: 'pfe_gui::Form1::if_concave_convexe' : not all control paths return a value
         All outputs are up-to-date.
       CoreResGen:
         No resources are out of date with respect to their source files. Skipping resource generation.
       ResourceCompile:
         All outputs are up-to-date.
       Link:
         C:\Program Files (x86)\Microsoft Visual Studio 10.0\VC\bin\link.exe /ERRORREPORT:PROMPT /OUT:"D:\VisuelStudio Projects\pfe_gui-20170410T194759Z-001\pfe_gui\Debug\pfe_gui.exe" /INCREMENTAL /NOLOGO opencv_calib3d249d.lib opencv_contrib249d.lib opencv_core249d.lib opencv_features2d249d.lib opencv_flann249d.lib opencv_gpu249d.lib opencv_highgui249d.lib opencv_haartraining_engined.lib opencv_imgproc249d.lib opencv_legacy249d.lib opencv_ml249d.lib opencv_nonfree249d.lib opencv_objdetect249d.lib opencv_ocl249d.lib opencv_photo249d.lib opencv_stitching249d.lib opencv_superres249d.lib opencv_ts249d.lib opencv_video249d.lib opencv_videostab249d.lib kernel32.lib user32.lib gdi32.lib winspool.lib comdlg32.lib advapi32.lib shell32.lib ole32.lib oleaut32.lib uuid.lib odbc32.lib odbccp32.lib /ASSEMBLYRESOURCE:Debug\pfe_gui.Accueil.resources /ASSEMBLYRESOURCE:Debug\pfe_gui.Aide.resources /ASSEMBLYRESOURCE:Debug\pfe_gui.Form1.resources /ASSEMBLYRESOURCE:Debug\pfe_gui.geste.resources /ASSEMBLYRESOURCE:Debug\pfe_gui.MenuAppli.resources /ASSEMBLYRESOURCE:Debug\pfe_gui.simul.resources /MANIFEST /ManifestFile:"Debug\pfe_gui.exe.intermediate.manifest" /MANIFESTUAC:"level='asInvoker' uiAccess='false'" /DEBUG /PDB:"D:\VisuelStudio Projects\pfe_gui-20170410T194759Z-001\pfe_gui\Debug\pfe_gui.pdb" /ASSEMBLYDEBUG /SUBSYSTEM:WINDOWS /TLBID:1 /ENTRY:"main" /DYNAMICBASE /FIXED:NO /NXCOMPAT /MACHINE:X86 Debug\app.res
         Debug\Accueil.obj
         Debug\Aide.obj
         Debug\AssemblyInfo.obj
         Debug\geste.obj
         Debug\MenuAppli.obj
         Debug\pfe_gui.obj
         Debug\simul.obj
         Debug\stdafx.obj
         "Debug\.NETFramework,Version=v4.0.AssemblyAttributes.obj"
         pfe_gui.vcxproj -> D:\VisuelStudio Projects\pfe_gui-20170410T194759Z-001\pfe_gui\Debug\pfe_gui.exe
       Manifest:
         C:\Program Files (x86)\Microsoft SDKs\Windows\v7.0A\bin\mt.exe /nologo /verbose /outputresource:"D:\VisuelStudio Projects\pfe_gui-20170410T194759Z-001\pfe_gui\Debug\pfe_gui.exe;#1" /manifest Debug\pfe_gui.exe.intermediate.manifest
       FinalizeBuildStatus:
         Deleting file "Debug\pfe_gui.unsuccessfulbuild".
         Touching "Debug\pfe_gui.lastbuildstate".
     1>Done Building Project "D:\VisuelStudio Projects\pfe_gui-20170410T194759Z-001\pfe_gui\pfe_gui\pfe_gui.vcxproj" (build target(s)).

Build succeeded.

Time Elapsed 00:00:23.73
