D:\VISUELSTUDIO PROJECTS\PFE_GUI-20170410T194759Z-001\PFE_GUI\DEBUG\PFE_GUI.EXE
D:\VISUELSTUDIO PROJECTS\PFE_GUI-20170410T194759Z-001\PFE_GUI\DEBUG\PFE_GUI.ILK
D:\VISUELSTUDIO PROJECTS\PFE_GUI-20170410T194759Z-001\PFE_GUI\DEBUG\PFE_GUI.PDB
D:\VISUELSTUDIO PROJECTS\PFE_GUI-20170410T194759Z-001\PFE_GUI\PFE_GUI\DEBUG\.NETFRAMEWORK,VERSION=V4.0.ASSEMBLYATTRIBUTES.OBJ
D:\VISUELSTUDIO PROJECTS\PFE_GUI-20170410T194759Z-001\PFE_GUI\PFE_GUI\DEBUG\ACCUEIL.OBJ
D:\VISUELSTUDIO PROJECTS\PFE_GUI-20170410T194759Z-001\PFE_GUI\PFE_GUI\DEBUG\AIDE.OBJ
D:\VISUELSTUDIO PROJECTS\PFE_GUI-20170410T194759Z-001\PFE_GUI\PFE_GUI\DEBUG\APP.RES
D:\VISUELSTUDIO PROJECTS\PFE_GUI-20170410T194759Z-001\PFE_GUI\PFE_GUI\DEBUG\ASSEMBLYINFO.OBJ
D:\VisuelStudio Projects\pfe_gui-20170410T194759Z-001\pfe_gui\pfe_gui\Debug\cl.command.1.tlog
D:\VisuelStudio Projects\pfe_gui-20170410T194759Z-001\pfe_gui\pfe_gui\Debug\CL.read.1.tlog
D:\VisuelStudio Projects\pfe_gui-20170410T194759Z-001\pfe_gui\pfe_gui\Debug\CL.write.1.tlog
D:\VISUELSTUDIO PROJECTS\PFE_GUI-20170410T194759Z-001\PFE_GUI\PFE_GUI\DEBUG\GESTE.OBJ
D:\VisuelStudio Projects\pfe_gui-20170410T194759Z-001\pfe_gui\pfe_gui\Debug\link.1300.read.1.tlog
D:\VisuelStudio Projects\pfe_gui-20170410T194759Z-001\pfe_gui\pfe_gui\Debug\link.1300.write.1.tlog
D:\VisuelStudio Projects\pfe_gui-20170410T194759Z-001\pfe_gui\pfe_gui\Debug\link.1300-cvtres.read.1.tlog
D:\VisuelStudio Projects\pfe_gui-20170410T194759Z-001\pfe_gui\pfe_gui\Debug\link.1300-cvtres.write.1.tlog
D:\VisuelStudio Projects\pfe_gui-20170410T194759Z-001\pfe_gui\pfe_gui\Debug\link.2872.read.1.tlog
D:\VisuelStudio Projects\pfe_gui-20170410T194759Z-001\pfe_gui\pfe_gui\Debug\link.2872.write.1.tlog
D:\VisuelStudio Projects\pfe_gui-20170410T194759Z-001\pfe_gui\pfe_gui\Debug\link.2872-cvtres.read.1.tlog
D:\VisuelStudio Projects\pfe_gui-20170410T194759Z-001\pfe_gui\pfe_gui\Debug\link.2872-cvtres.write.1.tlog
D:\VisuelStudio Projects\pfe_gui-20170410T194759Z-001\pfe_gui\pfe_gui\Debug\link.3048.read.1.tlog
D:\VisuelStudio Projects\pfe_gui-20170410T194759Z-001\pfe_gui\pfe_gui\Debug\link.3048.write.1.tlog
D:\VisuelStudio Projects\pfe_gui-20170410T194759Z-001\pfe_gui\pfe_gui\Debug\link.3048-cvtres.read.1.tlog
D:\VisuelStudio Projects\pfe_gui-20170410T194759Z-001\pfe_gui\pfe_gui\Debug\link.3048-cvtres.write.1.tlog
D:\VisuelStudio Projects\pfe_gui-20170410T194759Z-001\pfe_gui\pfe_gui\Debug\link.3500.read.1.tlog
D:\VisuelStudio Projects\pfe_gui-20170410T194759Z-001\pfe_gui\pfe_gui\Debug\link.3500.write.1.tlog
D:\VisuelStudio Projects\pfe_gui-20170410T194759Z-001\pfe_gui\pfe_gui\Debug\link.3500-cvtres.read.1.tlog
D:\VisuelStudio Projects\pfe_gui-20170410T194759Z-001\pfe_gui\pfe_gui\Debug\link.3500-cvtres.write.1.tlog
D:\VisuelStudio Projects\pfe_gui-20170410T194759Z-001\pfe_gui\pfe_gui\Debug\link.4628.read.1.tlog
D:\VisuelStudio Projects\pfe_gui-20170410T194759Z-001\pfe_gui\pfe_gui\Debug\link.4628.write.1.tlog
D:\VisuelStudio Projects\pfe_gui-20170410T194759Z-001\pfe_gui\pfe_gui\Debug\link.4628-cvtres.read.1.tlog
D:\VisuelStudio Projects\pfe_gui-20170410T194759Z-001\pfe_gui\pfe_gui\Debug\link.4628-cvtres.write.1.tlog
D:\VisuelStudio Projects\pfe_gui-20170410T194759Z-001\pfe_gui\pfe_gui\Debug\link.5056.read.1.tlog
D:\VisuelStudio Projects\pfe_gui-20170410T194759Z-001\pfe_gui\pfe_gui\Debug\link.5056.write.1.tlog
D:\VisuelStudio Projects\pfe_gui-20170410T194759Z-001\pfe_gui\pfe_gui\Debug\link.5056-cvtres.read.1.tlog
D:\VisuelStudio Projects\pfe_gui-20170410T194759Z-001\pfe_gui\pfe_gui\Debug\link.5056-cvtres.write.1.tlog
D:\VisuelStudio Projects\pfe_gui-20170410T194759Z-001\pfe_gui\pfe_gui\Debug\link.6052.read.1.tlog
D:\VisuelStudio Projects\pfe_gui-20170410T194759Z-001\pfe_gui\pfe_gui\Debug\link.6052.write.1.tlog
D:\VisuelStudio Projects\pfe_gui-20170410T194759Z-001\pfe_gui\pfe_gui\Debug\link.6052-cvtres.read.1.tlog
D:\VisuelStudio Projects\pfe_gui-20170410T194759Z-001\pfe_gui\pfe_gui\Debug\link.6052-cvtres.write.1.tlog
D:\VisuelStudio Projects\pfe_gui-20170410T194759Z-001\pfe_gui\pfe_gui\Debug\link.6176.read.1.tlog
D:\VisuelStudio Projects\pfe_gui-20170410T194759Z-001\pfe_gui\pfe_gui\Debug\link.6176.write.1.tlog
D:\VisuelStudio Projects\pfe_gui-20170410T194759Z-001\pfe_gui\pfe_gui\Debug\link.6176-cvtres.read.1.tlog
D:\VisuelStudio Projects\pfe_gui-20170410T194759Z-001\pfe_gui\pfe_gui\Debug\link.6176-cvtres.write.1.tlog
D:\VisuelStudio Projects\pfe_gui-20170410T194759Z-001\pfe_gui\pfe_gui\Debug\link.6384.read.1.tlog
D:\VisuelStudio Projects\pfe_gui-20170410T194759Z-001\pfe_gui\pfe_gui\Debug\link.6384.write.1.tlog
D:\VisuelStudio Projects\pfe_gui-20170410T194759Z-001\pfe_gui\pfe_gui\Debug\link.6384-cvtres.read.1.tlog
D:\VisuelStudio Projects\pfe_gui-20170410T194759Z-001\pfe_gui\pfe_gui\Debug\link.6384-cvtres.write.1.tlog
D:\VisuelStudio Projects\pfe_gui-20170410T194759Z-001\pfe_gui\pfe_gui\Debug\link.7520.read.1.tlog
D:\VisuelStudio Projects\pfe_gui-20170410T194759Z-001\pfe_gui\pfe_gui\Debug\link.7520.write.1.tlog
D:\VisuelStudio Projects\pfe_gui-20170410T194759Z-001\pfe_gui\pfe_gui\Debug\link.7520-cvtres.read.1.tlog
D:\VisuelStudio Projects\pfe_gui-20170410T194759Z-001\pfe_gui\pfe_gui\Debug\link.7520-cvtres.write.1.tlog
D:\VisuelStudio Projects\pfe_gui-20170410T194759Z-001\pfe_gui\pfe_gui\Debug\link.8004.read.1.tlog
D:\VisuelStudio Projects\pfe_gui-20170410T194759Z-001\pfe_gui\pfe_gui\Debug\link.8004.write.1.tlog
D:\VisuelStudio Projects\pfe_gui-20170410T194759Z-001\pfe_gui\pfe_gui\Debug\link.8004-cvtres.read.1.tlog
D:\VisuelStudio Projects\pfe_gui-20170410T194759Z-001\pfe_gui\pfe_gui\Debug\link.8004-cvtres.write.1.tlog
D:\VisuelStudio Projects\pfe_gui-20170410T194759Z-001\pfe_gui\pfe_gui\Debug\link.command.1.tlog
D:\VisuelStudio Projects\pfe_gui-20170410T194759Z-001\pfe_gui\pfe_gui\Debug\link.read.1.tlog
D:\VisuelStudio Projects\pfe_gui-20170410T194759Z-001\pfe_gui\pfe_gui\Debug\link.write.1.tlog
D:\VISUELSTUDIO PROJECTS\PFE_GUI-20170410T194759Z-001\PFE_GUI\PFE_GUI\DEBUG\MENUAPPLI.OBJ
D:\VisuelStudio Projects\pfe_gui-20170410T194759Z-001\pfe_gui\pfe_gui\Debug\metagen.read.1.tlog
D:\VisuelStudio Projects\pfe_gui-20170410T194759Z-001\pfe_gui\pfe_gui\Debug\metagen.write.1.tlog
D:\VisuelStudio Projects\pfe_gui-20170410T194759Z-001\pfe_gui\pfe_gui\Debug\mt.command.1.tlog
D:\VisuelStudio Projects\pfe_gui-20170410T194759Z-001\pfe_gui\pfe_gui\Debug\mt.read.1.tlog
D:\VisuelStudio Projects\pfe_gui-20170410T194759Z-001\pfe_gui\pfe_gui\Debug\mt.write.1.tlog
D:\VisuelStudio Projects\pfe_gui-20170410T194759Z-001\pfe_gui\pfe_gui\Debug\pfe_gui.Accueil.resources
D:\VisuelStudio Projects\pfe_gui-20170410T194759Z-001\pfe_gui\pfe_gui\Debug\pfe_gui.Aide.resources
D:\VISUELSTUDIO PROJECTS\PFE_GUI-20170410T194759Z-001\PFE_GUI\PFE_GUI\DEBUG\PFE_GUI.EXE.INTERMEDIATE.MANIFEST
D:\VisuelStudio Projects\pfe_gui-20170410T194759Z-001\pfe_gui\pfe_gui\Debug\pfe_gui.Form1.resources
D:\VisuelStudio Projects\pfe_gui-20170410T194759Z-001\pfe_gui\pfe_gui\Debug\pfe_gui.geste.resources
D:\VisuelStudio Projects\pfe_gui-20170410T194759Z-001\pfe_gui\pfe_gui\Debug\pfe_gui.MenuAppli.resources
D:\VISUELSTUDIO PROJECTS\PFE_GUI-20170410T194759Z-001\PFE_GUI\PFE_GUI\DEBUG\PFE_GUI.OBJ
D:\VISUELSTUDIO PROJECTS\PFE_GUI-20170410T194759Z-001\PFE_GUI\PFE_GUI\DEBUG\PFE_GUI.PCH
D:\VisuelStudio Projects\pfe_gui-20170410T194759Z-001\pfe_gui\pfe_gui\Debug\pfe_gui.simul.resources
D:\VisuelStudio Projects\pfe_gui-20170410T194759Z-001\pfe_gui\pfe_gui\Debug\pfe_gui.vcxproj.GenerateResource.Cache
D:\VisuelStudio Projects\pfe_gui-20170410T194759Z-001\pfe_gui\pfe_gui\Debug\pfe_gui.vcxprojResolveAssemblyReference.cache
D:\VisuelStudio Projects\pfe_gui-20170410T194759Z-001\pfe_gui\pfe_gui\Debug\pfe_gui.write.1.tlog
D:\VisuelStudio Projects\pfe_gui-20170410T194759Z-001\pfe_gui\pfe_gui\Debug\rc.command.1.tlog
D:\VisuelStudio Projects\pfe_gui-20170410T194759Z-001\pfe_gui\pfe_gui\Debug\rc.read.1.tlog
D:\VisuelStudio Projects\pfe_gui-20170410T194759Z-001\pfe_gui\pfe_gui\Debug\rc.write.1.tlog
D:\VisuelStudio Projects\pfe_gui-20170410T194759Z-001\pfe_gui\pfe_gui\Debug\RSAENH.DLL.bi
D:\VISUELSTUDIO PROJECTS\PFE_GUI-20170410T194759Z-001\PFE_GUI\PFE_GUI\DEBUG\SIMUL.OBJ
D:\VISUELSTUDIO PROJECTS\PFE_GUI-20170410T194759Z-001\PFE_GUI\PFE_GUI\DEBUG\STDAFX.OBJ
D:\VisuelStudio Projects\pfe_gui-20170410T194759Z-001\pfe_gui\pfe_gui\Debug\TZRES.DLL.bi
D:\VISUELSTUDIO PROJECTS\PFE_GUI-20170410T194759Z-001\PFE_GUI\PFE_GUI\DEBUG\VC100.PDB
